ERROR - 2022-02-26 09:50:39 --> View 'db_saver.view_penyetoran' references invalid table(s) or column(s) or function(s) or definer/invoker of view lack rights to use them
CRITICAL - 2022-02-26 09:50:39 --> View 'db_saver.view_penyetoran' references invalid table(s) or column(s) or function(s) or definer/invoker of view lack rights to use them
#0 /opt/lampp/htdocs/tabungan-santri/vendor/codeigniter4/framework/system/Database/MySQLi/Connection.php(292): mysqli->query()
#1 /opt/lampp/htdocs/tabungan-santri/vendor/codeigniter4/framework/system/Database/BaseConnection.php(670): CodeIgniter\Database\MySQLi\Connection->execute()
#2 /opt/lampp/htdocs/tabungan-santri/vendor/codeigniter4/framework/system/Database/BaseConnection.php(598): CodeIgniter\Database\BaseConnection->simpleQuery()
#3 /opt/lampp/htdocs/tabungan-santri/vendor/codeigniter4/framework/system/Database/BaseBuilder.php(1443): CodeIgniter\Database\BaseConnection->query()
#4 /opt/lampp/htdocs/tabungan-santri/app/Models/m_penyetoran.php(19): CodeIgniter\Database\BaseBuilder->get()
#5 /opt/lampp/htdocs/tabungan-santri/app/Controllers/Penyetoran.php(19): App\Models\m_penyetoran->getAllData()
#6 /opt/lampp/htdocs/tabungan-santri/vendor/codeigniter4/framework/system/CodeIgniter.php(824): App\Controllers\penyetoran->index()
#7 /opt/lampp/htdocs/tabungan-santri/vendor/codeigniter4/framework/system/CodeIgniter.php(410): CodeIgniter\CodeIgniter->runController()
#8 /opt/lampp/htdocs/tabungan-santri/vendor/codeigniter4/framework/system/CodeIgniter.php(318): CodeIgniter\CodeIgniter->handleRequest()
#9 /opt/lampp/htdocs/tabungan-santri/public/index.php(37): CodeIgniter\CodeIgniter->run()
#10 /opt/lampp/htdocs/tabungan-santri/vendor/codeigniter4/framework/system/Commands/Server/rewrite.php(43): require_once('/opt/lampp/htdo...')
#11 {main}
CRITICAL - 2022-02-26 10:07:39 --> Use of undefined constant l - assumed 'l' (this will throw an Error in a future version of PHP)
#0 /opt/lampp/htdocs/tabungan-santri/app/Views/penyetoran/tambah.php(49): CodeIgniter\Debug\Exceptions->errorHandler()
#1 /opt/lampp/htdocs/tabungan-santri/vendor/codeigniter4/framework/system/View/View.php(214): include('/opt/lampp/htdo...')
#2 /opt/lampp/htdocs/tabungan-santri/vendor/codeigniter4/framework/system/View/View.php(217): CodeIgniter\View\View->CodeIgniter\View\{closure}()
#3 /opt/lampp/htdocs/tabungan-santri/vendor/codeigniter4/framework/system/Common.php(1097): CodeIgniter\View\View->render()
#4 /opt/lampp/htdocs/tabungan-santri/app/Controllers/Penyetoran.php(36): view()
#5 /opt/lampp/htdocs/tabungan-santri/vendor/codeigniter4/framework/system/CodeIgniter.php(824): App\Controllers\penyetoran->tambah()
#6 /opt/lampp/htdocs/tabungan-santri/vendor/codeigniter4/framework/system/CodeIgniter.php(410): CodeIgniter\CodeIgniter->runController()
#7 /opt/lampp/htdocs/tabungan-santri/vendor/codeigniter4/framework/system/CodeIgniter.php(318): CodeIgniter\CodeIgniter->handleRequest()
#8 /opt/lampp/htdocs/tabungan-santri/public/index.php(37): CodeIgniter\CodeIgniter->run()
#9 /opt/lampp/htdocs/tabungan-santri/vendor/codeigniter4/framework/system/Commands/Server/rewrite.php(43): require_once('/opt/lampp/htdo...')
#10 {main}
