CRITICAL - 2021-12-19 17:51:51 --> Invalid file: Admin/edit.php
#0 /opt/lampp/htdocs/CI4APP/vendor/codeigniter4/framework/system/View/View.php(198): CodeIgniter\Exceptions\FrameworkException::forInvalidFile()
#1 /opt/lampp/htdocs/CI4APP/vendor/codeigniter4/framework/system/Common.php(1097): CodeIgniter\View\View->render()
#2 /opt/lampp/htdocs/CI4APP/app/Controllers/Admin.php(108): view()
#3 /opt/lampp/htdocs/CI4APP/vendor/codeigniter4/framework/system/CodeIgniter.php(824): App\Controllers\admin->edit()
#4 /opt/lampp/htdocs/CI4APP/vendor/codeigniter4/framework/system/CodeIgniter.php(410): CodeIgniter\CodeIgniter->runController()
#5 /opt/lampp/htdocs/CI4APP/vendor/codeigniter4/framework/system/CodeIgniter.php(318): CodeIgniter\CodeIgniter->handleRequest()
#6 /opt/lampp/htdocs/CI4APP/public/index.php(37): CodeIgniter\CodeIgniter->run()
#7 /opt/lampp/htdocs/CI4APP/vendor/codeigniter4/framework/system/Commands/Server/rewrite.php(43): require_once('/opt/lampp/htdo...')
#8 {main}
CRITICAL - 2021-12-19 17:52:29 --> Invalid file: Admin/edit.php
#0 /opt/lampp/htdocs/CI4APP/vendor/codeigniter4/framework/system/View/View.php(198): CodeIgniter\Exceptions\FrameworkException::forInvalidFile()
#1 /opt/lampp/htdocs/CI4APP/vendor/codeigniter4/framework/system/Common.php(1097): CodeIgniter\View\View->render()
#2 /opt/lampp/htdocs/CI4APP/app/Controllers/Admin.php(108): view()
#3 /opt/lampp/htdocs/CI4APP/vendor/codeigniter4/framework/system/CodeIgniter.php(824): App\Controllers\admin->edit()
#4 /opt/lampp/htdocs/CI4APP/vendor/codeigniter4/framework/system/CodeIgniter.php(410): CodeIgniter\CodeIgniter->runController()
#5 /opt/lampp/htdocs/CI4APP/vendor/codeigniter4/framework/system/CodeIgniter.php(318): CodeIgniter\CodeIgniter->handleRequest()
#6 /opt/lampp/htdocs/CI4APP/public/index.php(37): CodeIgniter\CodeIgniter->run()
#7 /opt/lampp/htdocs/CI4APP/vendor/codeigniter4/framework/system/Commands/Server/rewrite.php(43): require_once('/opt/lampp/htdo...')
#8 {main}
CRITICAL - 2021-12-19 17:53:04 --> Undefined variable: userId
#0 /opt/lampp/htdocs/CI4APP/app/Views/admin/edit.php(21): CodeIgniter\Debug\Exceptions->errorHandler()
#1 /opt/lampp/htdocs/CI4APP/vendor/codeigniter4/framework/system/View/View.php(214): include('/opt/lampp/htdo...')
#2 /opt/lampp/htdocs/CI4APP/vendor/codeigniter4/framework/system/View/View.php(217): CodeIgniter\View\View->CodeIgniter\View\{closure}()
#3 /opt/lampp/htdocs/CI4APP/vendor/codeigniter4/framework/system/Common.php(1097): CodeIgniter\View\View->render()
#4 /opt/lampp/htdocs/CI4APP/app/Controllers/Admin.php(108): view()
#5 /opt/lampp/htdocs/CI4APP/vendor/codeigniter4/framework/system/CodeIgniter.php(824): App\Controllers\admin->edit()
#6 /opt/lampp/htdocs/CI4APP/vendor/codeigniter4/framework/system/CodeIgniter.php(410): CodeIgniter\CodeIgniter->runController()
#7 /opt/lampp/htdocs/CI4APP/vendor/codeigniter4/framework/system/CodeIgniter.php(318): CodeIgniter\CodeIgniter->handleRequest()
#8 /opt/lampp/htdocs/CI4APP/public/index.php(37): CodeIgniter\CodeIgniter->run()
#9 /opt/lampp/htdocs/CI4APP/vendor/codeigniter4/framework/system/Commands/Server/rewrite.php(43): require_once('/opt/lampp/htdo...')
#10 {main}
CRITICAL - 2021-12-19 17:54:31 --> Undefined variable: userId
#0 /opt/lampp/htdocs/CI4APP/app/Views/admin/edit.php(21): CodeIgniter\Debug\Exceptions->errorHandler()
#1 /opt/lampp/htdocs/CI4APP/vendor/codeigniter4/framework/system/View/View.php(214): include('/opt/lampp/htdo...')
#2 /opt/lampp/htdocs/CI4APP/vendor/codeigniter4/framework/system/View/View.php(217): CodeIgniter\View\View->CodeIgniter\View\{closure}()
#3 /opt/lampp/htdocs/CI4APP/vendor/codeigniter4/framework/system/Common.php(1097): CodeIgniter\View\View->render()
#4 /opt/lampp/htdocs/CI4APP/app/Controllers/Admin.php(107): view()
#5 /opt/lampp/htdocs/CI4APP/vendor/codeigniter4/framework/system/CodeIgniter.php(824): App\Controllers\admin->edit()
#6 /opt/lampp/htdocs/CI4APP/vendor/codeigniter4/framework/system/CodeIgniter.php(410): CodeIgniter\CodeIgniter->runController()
#7 /opt/lampp/htdocs/CI4APP/vendor/codeigniter4/framework/system/CodeIgniter.php(318): CodeIgniter\CodeIgniter->handleRequest()
#8 /opt/lampp/htdocs/CI4APP/public/index.php(37): CodeIgniter\CodeIgniter->run()
#9 /opt/lampp/htdocs/CI4APP/vendor/codeigniter4/framework/system/Commands/Server/rewrite.php(43): require_once('/opt/lampp/htdo...')
#10 {main}
CRITICAL - 2021-12-19 17:55:16 --> Undefined variable: adminId
#0 /opt/lampp/htdocs/CI4APP/app/Views/admin/edit.php(21): CodeIgniter\Debug\Exceptions->errorHandler()
#1 /opt/lampp/htdocs/CI4APP/vendor/codeigniter4/framework/system/View/View.php(214): include('/opt/lampp/htdo...')
#2 /opt/lampp/htdocs/CI4APP/vendor/codeigniter4/framework/system/View/View.php(217): CodeIgniter\View\View->CodeIgniter\View\{closure}()
#3 /opt/lampp/htdocs/CI4APP/vendor/codeigniter4/framework/system/Common.php(1097): CodeIgniter\View\View->render()
#4 /opt/lampp/htdocs/CI4APP/app/Controllers/Admin.php(107): view()
#5 /opt/lampp/htdocs/CI4APP/vendor/codeigniter4/framework/system/CodeIgniter.php(824): App\Controllers\admin->edit()
#6 /opt/lampp/htdocs/CI4APP/vendor/codeigniter4/framework/system/CodeIgniter.php(410): CodeIgniter\CodeIgniter->runController()
#7 /opt/lampp/htdocs/CI4APP/vendor/codeigniter4/framework/system/CodeIgniter.php(318): CodeIgniter\CodeIgniter->handleRequest()
#8 /opt/lampp/htdocs/CI4APP/public/index.php(37): CodeIgniter\CodeIgniter->run()
#9 /opt/lampp/htdocs/CI4APP/vendor/codeigniter4/framework/system/Commands/Server/rewrite.php(43): require_once('/opt/lampp/htdo...')
#10 {main}
CRITICAL - 2021-12-19 17:55:39 --> Undefined variable: adminId
#0 /opt/lampp/htdocs/CI4APP/app/Views/admin/edit.php(21): CodeIgniter\Debug\Exceptions->errorHandler()
#1 /opt/lampp/htdocs/CI4APP/vendor/codeigniter4/framework/system/View/View.php(214): include('/opt/lampp/htdo...')
#2 /opt/lampp/htdocs/CI4APP/vendor/codeigniter4/framework/system/View/View.php(217): CodeIgniter\View\View->CodeIgniter\View\{closure}()
#3 /opt/lampp/htdocs/CI4APP/vendor/codeigniter4/framework/system/Common.php(1097): CodeIgniter\View\View->render()
#4 /opt/lampp/htdocs/CI4APP/app/Controllers/Admin.php(107): view()
#5 /opt/lampp/htdocs/CI4APP/vendor/codeigniter4/framework/system/CodeIgniter.php(824): App\Controllers\admin->edit()
#6 /opt/lampp/htdocs/CI4APP/vendor/codeigniter4/framework/system/CodeIgniter.php(410): CodeIgniter\CodeIgniter->runController()
#7 /opt/lampp/htdocs/CI4APP/vendor/codeigniter4/framework/system/CodeIgniter.php(318): CodeIgniter\CodeIgniter->handleRequest()
#8 /opt/lampp/htdocs/CI4APP/public/index.php(37): CodeIgniter\CodeIgniter->run()
#9 /opt/lampp/htdocs/CI4APP/vendor/codeigniter4/framework/system/Commands/Server/rewrite.php(43): require_once('/opt/lampp/htdo...')
#10 {main}
CRITICAL - 2021-12-19 17:56:47 --> Undefined variable: adminId
#0 /opt/lampp/htdocs/CI4APP/app/Views/admin/edit.php(21): CodeIgniter\Debug\Exceptions->errorHandler()
#1 /opt/lampp/htdocs/CI4APP/vendor/codeigniter4/framework/system/View/View.php(214): include('/opt/lampp/htdo...')
#2 /opt/lampp/htdocs/CI4APP/vendor/codeigniter4/framework/system/View/View.php(217): CodeIgniter\View\View->CodeIgniter\View\{closure}()
#3 /opt/lampp/htdocs/CI4APP/vendor/codeigniter4/framework/system/Common.php(1097): CodeIgniter\View\View->render()
#4 /opt/lampp/htdocs/CI4APP/app/Controllers/Admin.php(107): view()
#5 /opt/lampp/htdocs/CI4APP/vendor/codeigniter4/framework/system/CodeIgniter.php(824): App\Controllers\admin->edit()
#6 /opt/lampp/htdocs/CI4APP/vendor/codeigniter4/framework/system/CodeIgniter.php(410): CodeIgniter\CodeIgniter->runController()
#7 /opt/lampp/htdocs/CI4APP/vendor/codeigniter4/framework/system/CodeIgniter.php(318): CodeIgniter\CodeIgniter->handleRequest()
#8 /opt/lampp/htdocs/CI4APP/public/index.php(37): CodeIgniter\CodeIgniter->run()
#9 /opt/lampp/htdocs/CI4APP/vendor/codeigniter4/framework/system/Commands/Server/rewrite.php(43): require_once('/opt/lampp/htdo...')
#10 {main}
CRITICAL - 2021-12-19 17:57:09 --> Undefined variable: adminId
#0 /opt/lampp/htdocs/CI4APP/app/Views/admin/edit.php(21): CodeIgniter\Debug\Exceptions->errorHandler()
#1 /opt/lampp/htdocs/CI4APP/vendor/codeigniter4/framework/system/View/View.php(214): include('/opt/lampp/htdo...')
#2 /opt/lampp/htdocs/CI4APP/vendor/codeigniter4/framework/system/View/View.php(217): CodeIgniter\View\View->CodeIgniter\View\{closure}()
#3 /opt/lampp/htdocs/CI4APP/vendor/codeigniter4/framework/system/Common.php(1097): CodeIgniter\View\View->render()
#4 /opt/lampp/htdocs/CI4APP/app/Controllers/Admin.php(107): view()
#5 /opt/lampp/htdocs/CI4APP/vendor/codeigniter4/framework/system/CodeIgniter.php(824): App\Controllers\admin->edit()
#6 /opt/lampp/htdocs/CI4APP/vendor/codeigniter4/framework/system/CodeIgniter.php(410): CodeIgniter\CodeIgniter->runController()
#7 /opt/lampp/htdocs/CI4APP/vendor/codeigniter4/framework/system/CodeIgniter.php(318): CodeIgniter\CodeIgniter->handleRequest()
#8 /opt/lampp/htdocs/CI4APP/public/index.php(37): CodeIgniter\CodeIgniter->run()
#9 /opt/lampp/htdocs/CI4APP/vendor/codeigniter4/framework/system/Commands/Server/rewrite.php(43): require_once('/opt/lampp/htdo...')
#10 {main}
CRITICAL - 2021-12-19 18:06:04 --> Undefined property: App\Controllers\nasabah::$roles
#0 /opt/lampp/htdocs/CI4APP/app/Controllers/Nasabah.php(97): CodeIgniter\Debug\Exceptions->errorHandler()
#1 /opt/lampp/htdocs/CI4APP/vendor/codeigniter4/framework/system/CodeIgniter.php(824): App\Controllers\nasabah->edit()
#2 /opt/lampp/htdocs/CI4APP/vendor/codeigniter4/framework/system/CodeIgniter.php(410): CodeIgniter\CodeIgniter->runController()
#3 /opt/lampp/htdocs/CI4APP/vendor/codeigniter4/framework/system/CodeIgniter.php(318): CodeIgniter\CodeIgniter->handleRequest()
#4 /opt/lampp/htdocs/CI4APP/public/index.php(37): CodeIgniter\CodeIgniter->run()
#5 /opt/lampp/htdocs/CI4APP/vendor/codeigniter4/framework/system/Commands/Server/rewrite.php(43): require_once('/opt/lampp/htdo...')
#6 {main}
CRITICAL - 2021-12-19 18:06:42 --> Undefined property: stdClass::$name
#0 /opt/lampp/htdocs/CI4APP/app/Controllers/Admin.php(98): CodeIgniter\Debug\Exceptions->errorHandler()
#1 /opt/lampp/htdocs/CI4APP/vendor/codeigniter4/framework/system/CodeIgniter.php(824): App\Controllers\admin->edit()
#2 /opt/lampp/htdocs/CI4APP/vendor/codeigniter4/framework/system/CodeIgniter.php(410): CodeIgniter\CodeIgniter->runController()
#3 /opt/lampp/htdocs/CI4APP/vendor/codeigniter4/framework/system/CodeIgniter.php(318): CodeIgniter\CodeIgniter->handleRequest()
#4 /opt/lampp/htdocs/CI4APP/public/index.php(37): CodeIgniter\CodeIgniter->run()
#5 /opt/lampp/htdocs/CI4APP/vendor/codeigniter4/framework/system/Commands/Server/rewrite.php(43): require_once('/opt/lampp/htdo...')
#6 {main}
CRITICAL - 2021-12-19 18:11:12 --> Undefined property: stdClass::$name
#0 /opt/lampp/htdocs/CI4APP/app/Controllers/Admin.php(98): CodeIgniter\Debug\Exceptions->errorHandler()
#1 /opt/lampp/htdocs/CI4APP/vendor/codeigniter4/framework/system/CodeIgniter.php(824): App\Controllers\admin->edit()
#2 /opt/lampp/htdocs/CI4APP/vendor/codeigniter4/framework/system/CodeIgniter.php(410): CodeIgniter\CodeIgniter->runController()
#3 /opt/lampp/htdocs/CI4APP/vendor/codeigniter4/framework/system/CodeIgniter.php(318): CodeIgniter\CodeIgniter->handleRequest()
#4 /opt/lampp/htdocs/CI4APP/public/index.php(37): CodeIgniter\CodeIgniter->run()
#5 /opt/lampp/htdocs/CI4APP/vendor/codeigniter4/framework/system/Commands/Server/rewrite.php(43): require_once('/opt/lampp/htdo...')
#6 {main}
CRITICAL - 2021-12-19 18:11:14 --> Undefined property: stdClass::$name
#0 /opt/lampp/htdocs/CI4APP/app/Controllers/Admin.php(98): CodeIgniter\Debug\Exceptions->errorHandler()
#1 /opt/lampp/htdocs/CI4APP/vendor/codeigniter4/framework/system/CodeIgniter.php(824): App\Controllers\admin->edit()
#2 /opt/lampp/htdocs/CI4APP/vendor/codeigniter4/framework/system/CodeIgniter.php(410): CodeIgniter\CodeIgniter->runController()
#3 /opt/lampp/htdocs/CI4APP/vendor/codeigniter4/framework/system/CodeIgniter.php(318): CodeIgniter\CodeIgniter->handleRequest()
#4 /opt/lampp/htdocs/CI4APP/public/index.php(37): CodeIgniter\CodeIgniter->run()
#5 /opt/lampp/htdocs/CI4APP/vendor/codeigniter4/framework/system/Commands/Server/rewrite.php(43): require_once('/opt/lampp/htdo...')
#6 {main}
CRITICAL - 2021-12-19 18:13:20 --> Undefined property: stdClass::$name
#0 /opt/lampp/htdocs/CI4APP/app/Controllers/Admin.php(98): CodeIgniter\Debug\Exceptions->errorHandler()
#1 /opt/lampp/htdocs/CI4APP/vendor/codeigniter4/framework/system/CodeIgniter.php(824): App\Controllers\admin->edit()
#2 /opt/lampp/htdocs/CI4APP/vendor/codeigniter4/framework/system/CodeIgniter.php(410): CodeIgniter\CodeIgniter->runController()
#3 /opt/lampp/htdocs/CI4APP/vendor/codeigniter4/framework/system/CodeIgniter.php(318): CodeIgniter\CodeIgniter->handleRequest()
#4 /opt/lampp/htdocs/CI4APP/public/index.php(37): CodeIgniter\CodeIgniter->run()
#5 /opt/lampp/htdocs/CI4APP/vendor/codeigniter4/framework/system/Commands/Server/rewrite.php(43): require_once('/opt/lampp/htdo...')
#6 {main}
CRITICAL - 2021-12-19 18:14:13 --> Undefined property: stdClass::$name
#0 /opt/lampp/htdocs/CI4APP/app/Controllers/Admin.php(99): CodeIgniter\Debug\Exceptions->errorHandler()
#1 /opt/lampp/htdocs/CI4APP/vendor/codeigniter4/framework/system/CodeIgniter.php(824): App\Controllers\admin->edit()
#2 /opt/lampp/htdocs/CI4APP/vendor/codeigniter4/framework/system/CodeIgniter.php(410): CodeIgniter\CodeIgniter->runController()
#3 /opt/lampp/htdocs/CI4APP/vendor/codeigniter4/framework/system/CodeIgniter.php(318): CodeIgniter\CodeIgniter->handleRequest()
#4 /opt/lampp/htdocs/CI4APP/public/index.php(37): CodeIgniter\CodeIgniter->run()
#5 /opt/lampp/htdocs/CI4APP/vendor/codeigniter4/framework/system/Commands/Server/rewrite.php(43): require_once('/opt/lampp/htdo...')
#6 {main}
CRITICAL - 2021-12-19 18:14:26 --> Undefined variable: adminId
#0 /opt/lampp/htdocs/CI4APP/app/Views/admin/edit.php(21): CodeIgniter\Debug\Exceptions->errorHandler()
#1 /opt/lampp/htdocs/CI4APP/vendor/codeigniter4/framework/system/View/View.php(214): include('/opt/lampp/htdo...')
#2 /opt/lampp/htdocs/CI4APP/vendor/codeigniter4/framework/system/View/View.php(217): CodeIgniter\View\View->CodeIgniter\View\{closure}()
#3 /opt/lampp/htdocs/CI4APP/vendor/codeigniter4/framework/system/Common.php(1097): CodeIgniter\View\View->render()
#4 /opt/lampp/htdocs/CI4APP/app/Controllers/Admin.php(109): view()
#5 /opt/lampp/htdocs/CI4APP/vendor/codeigniter4/framework/system/CodeIgniter.php(824): App\Controllers\admin->edit()
#6 /opt/lampp/htdocs/CI4APP/vendor/codeigniter4/framework/system/CodeIgniter.php(410): CodeIgniter\CodeIgniter->runController()
#7 /opt/lampp/htdocs/CI4APP/vendor/codeigniter4/framework/system/CodeIgniter.php(318): CodeIgniter\CodeIgniter->handleRequest()
#8 /opt/lampp/htdocs/CI4APP/public/index.php(37): CodeIgniter\CodeIgniter->run()
#9 /opt/lampp/htdocs/CI4APP/vendor/codeigniter4/framework/system/Commands/Server/rewrite.php(43): require_once('/opt/lampp/htdo...')
#10 {main}
CRITICAL - 2021-12-19 18:17:21 --> Undefined variable: adminId
#0 /opt/lampp/htdocs/CI4APP/app/Views/admin/edit.php(21): CodeIgniter\Debug\Exceptions->errorHandler()
#1 /opt/lampp/htdocs/CI4APP/vendor/codeigniter4/framework/system/View/View.php(214): include('/opt/lampp/htdo...')
#2 /opt/lampp/htdocs/CI4APP/vendor/codeigniter4/framework/system/View/View.php(217): CodeIgniter\View\View->CodeIgniter\View\{closure}()
#3 /opt/lampp/htdocs/CI4APP/vendor/codeigniter4/framework/system/Common.php(1097): CodeIgniter\View\View->render()
#4 /opt/lampp/htdocs/CI4APP/app/Controllers/Admin.php(111): view()
#5 /opt/lampp/htdocs/CI4APP/vendor/codeigniter4/framework/system/CodeIgniter.php(824): App\Controllers\admin->edit()
#6 /opt/lampp/htdocs/CI4APP/vendor/codeigniter4/framework/system/CodeIgniter.php(410): CodeIgniter\CodeIgniter->runController()
#7 /opt/lampp/htdocs/CI4APP/vendor/codeigniter4/framework/system/CodeIgniter.php(318): CodeIgniter\CodeIgniter->handleRequest()
#8 /opt/lampp/htdocs/CI4APP/public/index.php(37): CodeIgniter\CodeIgniter->run()
#9 /opt/lampp/htdocs/CI4APP/vendor/codeigniter4/framework/system/Commands/Server/rewrite.php(43): require_once('/opt/lampp/htdo...')
#10 {main}
CRITICAL - 2021-12-19 18:20:38 --> Undefined variable: adminId
#0 /opt/lampp/htdocs/CI4APP/app/Views/admin/edit.php(21): CodeIgniter\Debug\Exceptions->errorHandler()
#1 /opt/lampp/htdocs/CI4APP/vendor/codeigniter4/framework/system/View/View.php(214): include('/opt/lampp/htdo...')
#2 /opt/lampp/htdocs/CI4APP/vendor/codeigniter4/framework/system/View/View.php(217): CodeIgniter\View\View->CodeIgniter\View\{closure}()
#3 /opt/lampp/htdocs/CI4APP/vendor/codeigniter4/framework/system/Common.php(1097): CodeIgniter\View\View->render()
#4 /opt/lampp/htdocs/CI4APP/app/Controllers/Admin.php(111): view()
#5 /opt/lampp/htdocs/CI4APP/vendor/codeigniter4/framework/system/CodeIgniter.php(824): App\Controllers\admin->edit()
#6 /opt/lampp/htdocs/CI4APP/vendor/codeigniter4/framework/system/CodeIgniter.php(410): CodeIgniter\CodeIgniter->runController()
#7 /opt/lampp/htdocs/CI4APP/vendor/codeigniter4/framework/system/CodeIgniter.php(318): CodeIgniter\CodeIgniter->handleRequest()
#8 /opt/lampp/htdocs/CI4APP/public/index.php(37): CodeIgniter\CodeIgniter->run()
#9 /opt/lampp/htdocs/CI4APP/vendor/codeigniter4/framework/system/Commands/Server/rewrite.php(43): require_once('/opt/lampp/htdo...')
#10 {main}
