CRITICAL - 2022-06-19 21:32:06 --> number_format() expects parameter 1 to be float, string given
#0 [internal function]: CodeIgniter\Debug\Exceptions->errorHandler(2, 'number_format()...', 'C:\\xampp\\htdocs...', 50, Array)
#1 C:\xampp\htdocs\tabungan-santri\app\Views\nasabah\index.php(50): number_format('cilacap\r\n', 2, ',', '.')
#2 C:\xampp\htdocs\tabungan-santri\vendor\codeigniter4\framework\system\View\View.php(214): include('C:\\xampp\\htdocs...')
#3 C:\xampp\htdocs\tabungan-santri\vendor\codeigniter4\framework\system\View\View.php(217): CodeIgniter\View\View->CodeIgniter\View\{closure}()
#4 C:\xampp\htdocs\tabungan-santri\vendor\codeigniter4\framework\system\Common.php(1097): CodeIgniter\View\View->render('nasabah/index', Array, true)
#5 C:\xampp\htdocs\tabungan-santri\app\Controllers\Nasabah.php(25): view('nasabah/index', Array)
#6 C:\xampp\htdocs\tabungan-santri\vendor\codeigniter4\framework\system\CodeIgniter.php(824): App\Controllers\nasabah->index()
#7 C:\xampp\htdocs\tabungan-santri\vendor\codeigniter4\framework\system\CodeIgniter.php(410): CodeIgniter\CodeIgniter->runController(Object(App\Controllers\nasabah))
#8 C:\xampp\htdocs\tabungan-santri\vendor\codeigniter4\framework\system\CodeIgniter.php(318): CodeIgniter\CodeIgniter->handleRequest(NULL, Object(Config\Cache), false)
#9 C:\xampp\htdocs\tabungan-santri\public\index.php(37): CodeIgniter\CodeIgniter->run()
#10 C:\xampp\htdocs\tabungan-santri\vendor\codeigniter4\framework\system\Commands\Server\rewrite.php(43): require_once('C:\\xampp\\htdocs...')
#11 {main}
CRITICAL - 2022-06-19 21:35:56 --> number_format() expects parameter 1 to be float, string given
#0 [internal function]: CodeIgniter\Debug\Exceptions->errorHandler(2, 'number_format()...', 'C:\\xampp\\htdocs...', 50, Array)
#1 C:\xampp\htdocs\tabungan-santri\app\Views\nasabah\index.php(50): number_format('cilacap\r\n', 2, ',', '.')
#2 C:\xampp\htdocs\tabungan-santri\vendor\codeigniter4\framework\system\View\View.php(214): include('C:\\xampp\\htdocs...')
#3 C:\xampp\htdocs\tabungan-santri\vendor\codeigniter4\framework\system\View\View.php(217): CodeIgniter\View\View->CodeIgniter\View\{closure}()
#4 C:\xampp\htdocs\tabungan-santri\vendor\codeigniter4\framework\system\Common.php(1097): CodeIgniter\View\View->render('nasabah/index', Array, true)
#5 C:\xampp\htdocs\tabungan-santri\app\Controllers\Nasabah.php(25): view('nasabah/index', Array)
#6 C:\xampp\htdocs\tabungan-santri\vendor\codeigniter4\framework\system\CodeIgniter.php(824): App\Controllers\nasabah->index()
#7 C:\xampp\htdocs\tabungan-santri\vendor\codeigniter4\framework\system\CodeIgniter.php(410): CodeIgniter\CodeIgniter->runController(Object(App\Controllers\nasabah))
#8 C:\xampp\htdocs\tabungan-santri\vendor\codeigniter4\framework\system\CodeIgniter.php(318): CodeIgniter\CodeIgniter->handleRequest(NULL, Object(Config\Cache), false)
#9 C:\xampp\htdocs\tabungan-santri\public\index.php(37): CodeIgniter\CodeIgniter->run()
#10 C:\xampp\htdocs\tabungan-santri\vendor\codeigniter4\framework\system\Commands\Server\rewrite.php(43): require_once('C:\\xampp\\htdocs...')
#11 {main}
CRITICAL - 2022-06-19 21:36:16 --> syntax error, unexpected ')', expecting ';' or ','
#0 C:\xampp\htdocs\tabungan-santri\vendor\codeigniter4\framework\system\View\View.php(217): CodeIgniter\View\View->CodeIgniter\View\{closure}()
#1 C:\xampp\htdocs\tabungan-santri\vendor\codeigniter4\framework\system\Common.php(1097): CodeIgniter\View\View->render('nasabah/index', Array, true)
#2 C:\xampp\htdocs\tabungan-santri\app\Controllers\Nasabah.php(25): view('nasabah/index', Array)
#3 C:\xampp\htdocs\tabungan-santri\vendor\codeigniter4\framework\system\CodeIgniter.php(824): App\Controllers\nasabah->index()
#4 C:\xampp\htdocs\tabungan-santri\vendor\codeigniter4\framework\system\CodeIgniter.php(410): CodeIgniter\CodeIgniter->runController(Object(App\Controllers\nasabah))
#5 C:\xampp\htdocs\tabungan-santri\vendor\codeigniter4\framework\system\CodeIgniter.php(318): CodeIgniter\CodeIgniter->handleRequest(NULL, Object(Config\Cache), false)
#6 C:\xampp\htdocs\tabungan-santri\public\index.php(37): CodeIgniter\CodeIgniter->run()
#7 C:\xampp\htdocs\tabungan-santri\vendor\codeigniter4\framework\system\Commands\Server\rewrite.php(43): require_once('C:\\xampp\\htdocs...')
#8 {main}
CRITICAL - 2022-06-19 21:36:26 --> Undefined variable: method
#0 C:\xampp\htdocs\tabungan-santri\app\Views\nasabah\index.php(50): CodeIgniter\Debug\Exceptions->errorHandler(8, 'Undefined varia...', 'C:\\xampp\\htdocs...', 50, Array)
#1 C:\xampp\htdocs\tabungan-santri\vendor\codeigniter4\framework\system\View\View.php(214): include('C:\\xampp\\htdocs...')
#2 C:\xampp\htdocs\tabungan-santri\vendor\codeigniter4\framework\system\View\View.php(217): CodeIgniter\View\View->CodeIgniter\View\{closure}()
#3 C:\xampp\htdocs\tabungan-santri\vendor\codeigniter4\framework\system\Common.php(1097): CodeIgniter\View\View->render('nasabah/index', Array, true)
#4 C:\xampp\htdocs\tabungan-santri\app\Controllers\Nasabah.php(25): view('nasabah/index', Array)
#5 C:\xampp\htdocs\tabungan-santri\vendor\codeigniter4\framework\system\CodeIgniter.php(824): App\Controllers\nasabah->index()
#6 C:\xampp\htdocs\tabungan-santri\vendor\codeigniter4\framework\system\CodeIgniter.php(410): CodeIgniter\CodeIgniter->runController(Object(App\Controllers\nasabah))
#7 C:\xampp\htdocs\tabungan-santri\vendor\codeigniter4\framework\system\CodeIgniter.php(318): CodeIgniter\CodeIgniter->handleRequest(NULL, Object(Config\Cache), false)
#8 C:\xampp\htdocs\tabungan-santri\public\index.php(37): CodeIgniter\CodeIgniter->run()
#9 C:\xampp\htdocs\tabungan-santri\vendor\codeigniter4\framework\system\Commands\Server\rewrite.php(43): require_once('C:\\xampp\\htdocs...')
#10 {main}
CRITICAL - 2022-06-19 21:41:10 --> number_format() expects parameter 1 to be float, string given
#0 [internal function]: CodeIgniter\Debug\Exceptions->errorHandler(2, 'number_format()...', 'C:\\xampp\\htdocs...', 50, Array)
#1 C:\xampp\htdocs\tabungan-santri\app\Views\nasabah\index.php(50): number_format('cilacap\r\n', 2, ',', '.')
#2 C:\xampp\htdocs\tabungan-santri\vendor\codeigniter4\framework\system\View\View.php(214): include('C:\\xampp\\htdocs...')
#3 C:\xampp\htdocs\tabungan-santri\vendor\codeigniter4\framework\system\View\View.php(217): CodeIgniter\View\View->CodeIgniter\View\{closure}()
#4 C:\xampp\htdocs\tabungan-santri\vendor\codeigniter4\framework\system\Common.php(1097): CodeIgniter\View\View->render('nasabah/index', Array, true)
#5 C:\xampp\htdocs\tabungan-santri\app\Controllers\Nasabah.php(25): view('nasabah/index', Array)
#6 C:\xampp\htdocs\tabungan-santri\vendor\codeigniter4\framework\system\CodeIgniter.php(824): App\Controllers\nasabah->index()
#7 C:\xampp\htdocs\tabungan-santri\vendor\codeigniter4\framework\system\CodeIgniter.php(410): CodeIgniter\CodeIgniter->runController(Object(App\Controllers\nasabah))
#8 C:\xampp\htdocs\tabungan-santri\vendor\codeigniter4\framework\system\CodeIgniter.php(318): CodeIgniter\CodeIgniter->handleRequest(NULL, Object(Config\Cache), false)
#9 C:\xampp\htdocs\tabungan-santri\public\index.php(37): CodeIgniter\CodeIgniter->run()
#10 C:\xampp\htdocs\tabungan-santri\vendor\codeigniter4\framework\system\Commands\Server\rewrite.php(43): require_once('C:\\xampp\\htdocs...')
#11 {main}
CRITICAL - 2022-06-19 21:41:27 --> number_format() expects parameter 1 to be float, string given
#0 [internal function]: CodeIgniter\Debug\Exceptions->errorHandler(2, 'number_format()...', 'C:\\xampp\\htdocs...', 50, Array)
#1 C:\xampp\htdocs\tabungan-santri\app\Views\nasabah\index.php(50): number_format('cilacap\r\n', 2, ',', '.')
#2 C:\xampp\htdocs\tabungan-santri\vendor\codeigniter4\framework\system\View\View.php(214): include('C:\\xampp\\htdocs...')
#3 C:\xampp\htdocs\tabungan-santri\vendor\codeigniter4\framework\system\View\View.php(217): CodeIgniter\View\View->CodeIgniter\View\{closure}()
#4 C:\xampp\htdocs\tabungan-santri\vendor\codeigniter4\framework\system\Common.php(1097): CodeIgniter\View\View->render('nasabah/index', Array, true)
#5 C:\xampp\htdocs\tabungan-santri\app\Controllers\Nasabah.php(25): view('nasabah/index', Array)
#6 C:\xampp\htdocs\tabungan-santri\vendor\codeigniter4\framework\system\CodeIgniter.php(824): App\Controllers\nasabah->index()
#7 C:\xampp\htdocs\tabungan-santri\vendor\codeigniter4\framework\system\CodeIgniter.php(410): CodeIgniter\CodeIgniter->runController(Object(App\Controllers\nasabah))
#8 C:\xampp\htdocs\tabungan-santri\vendor\codeigniter4\framework\system\CodeIgniter.php(318): CodeIgniter\CodeIgniter->handleRequest(NULL, Object(Config\Cache), false)
#9 C:\xampp\htdocs\tabungan-santri\public\index.php(37): CodeIgniter\CodeIgniter->run()
#10 C:\xampp\htdocs\tabungan-santri\vendor\codeigniter4\framework\system\Commands\Server\rewrite.php(43): require_once('C:\\xampp\\htdocs...')
#11 {main}
CRITICAL - 2022-06-19 21:43:22 --> number_format() expects parameter 1 to be float, string given
#0 [internal function]: CodeIgniter\Debug\Exceptions->errorHandler(2, 'number_format()...', 'C:\\xampp\\htdocs...', 50, Array)
#1 C:\xampp\htdocs\tabungan-santri\app\Views\nasabah\index.php(50): number_format('cilacap\r\n', 2, ',', '.')
#2 C:\xampp\htdocs\tabungan-santri\vendor\codeigniter4\framework\system\View\View.php(214): include('C:\\xampp\\htdocs...')
#3 C:\xampp\htdocs\tabungan-santri\vendor\codeigniter4\framework\system\View\View.php(217): CodeIgniter\View\View->CodeIgniter\View\{closure}()
#4 C:\xampp\htdocs\tabungan-santri\vendor\codeigniter4\framework\system\Common.php(1097): CodeIgniter\View\View->render('nasabah/index', Array, true)
#5 C:\xampp\htdocs\tabungan-santri\app\Controllers\Nasabah.php(25): view('nasabah/index', Array)
#6 C:\xampp\htdocs\tabungan-santri\vendor\codeigniter4\framework\system\CodeIgniter.php(824): App\Controllers\nasabah->index()
#7 C:\xampp\htdocs\tabungan-santri\vendor\codeigniter4\framework\system\CodeIgniter.php(410): CodeIgniter\CodeIgniter->runController(Object(App\Controllers\nasabah))
#8 C:\xampp\htdocs\tabungan-santri\vendor\codeigniter4\framework\system\CodeIgniter.php(318): CodeIgniter\CodeIgniter->handleRequest(NULL, Object(Config\Cache), false)
#9 C:\xampp\htdocs\tabungan-santri\public\index.php(37): CodeIgniter\CodeIgniter->run()
#10 C:\xampp\htdocs\tabungan-santri\vendor\codeigniter4\framework\system\Commands\Server\rewrite.php(43): require_once('C:\\xampp\\htdocs...')
#11 {main}
CRITICAL - 2022-06-19 21:43:50 --> number_format() expects parameter 1 to be float, array given
#0 [internal function]: CodeIgniter\Debug\Exceptions->errorHandler(2, 'number_format()...', 'C:\\xampp\\htdocs...', 50, Array)
#1 C:\xampp\htdocs\tabungan-santri\app\Views\nasabah\index.php(50): number_format(Array, 2, ',', '.')
#2 C:\xampp\htdocs\tabungan-santri\vendor\codeigniter4\framework\system\View\View.php(214): include('C:\\xampp\\htdocs...')
#3 C:\xampp\htdocs\tabungan-santri\vendor\codeigniter4\framework\system\View\View.php(217): CodeIgniter\View\View->CodeIgniter\View\{closure}()
#4 C:\xampp\htdocs\tabungan-santri\vendor\codeigniter4\framework\system\Common.php(1097): CodeIgniter\View\View->render('nasabah/index', Array, true)
#5 C:\xampp\htdocs\tabungan-santri\app\Controllers\Nasabah.php(25): view('nasabah/index', Array)
#6 C:\xampp\htdocs\tabungan-santri\vendor\codeigniter4\framework\system\CodeIgniter.php(824): App\Controllers\nasabah->index()
#7 C:\xampp\htdocs\tabungan-santri\vendor\codeigniter4\framework\system\CodeIgniter.php(410): CodeIgniter\CodeIgniter->runController(Object(App\Controllers\nasabah))
#8 C:\xampp\htdocs\tabungan-santri\vendor\codeigniter4\framework\system\CodeIgniter.php(318): CodeIgniter\CodeIgniter->handleRequest(NULL, Object(Config\Cache), false)
#9 C:\xampp\htdocs\tabungan-santri\public\index.php(37): CodeIgniter\CodeIgniter->run()
#10 C:\xampp\htdocs\tabungan-santri\vendor\codeigniter4\framework\system\Commands\Server\rewrite.php(43): require_once('C:\\xampp\\htdocs...')
#11 {main}
CRITICAL - 2022-06-19 21:44:16 --> number_format() expects parameter 1 to be float, string given
#0 [internal function]: CodeIgniter\Debug\Exceptions->errorHandler(2, 'number_format()...', 'C:\\xampp\\htdocs...', 50, Array)
#1 C:\xampp\htdocs\tabungan-santri\app\Views\nasabah\index.php(50): number_format('cilacap\r\n')
#2 C:\xampp\htdocs\tabungan-santri\vendor\codeigniter4\framework\system\View\View.php(214): include('C:\\xampp\\htdocs...')
#3 C:\xampp\htdocs\tabungan-santri\vendor\codeigniter4\framework\system\View\View.php(217): CodeIgniter\View\View->CodeIgniter\View\{closure}()
#4 C:\xampp\htdocs\tabungan-santri\vendor\codeigniter4\framework\system\Common.php(1097): CodeIgniter\View\View->render('nasabah/index', Array, true)
#5 C:\xampp\htdocs\tabungan-santri\app\Controllers\Nasabah.php(25): view('nasabah/index', Array)
#6 C:\xampp\htdocs\tabungan-santri\vendor\codeigniter4\framework\system\CodeIgniter.php(824): App\Controllers\nasabah->index()
#7 C:\xampp\htdocs\tabungan-santri\vendor\codeigniter4\framework\system\CodeIgniter.php(410): CodeIgniter\CodeIgniter->runController(Object(App\Controllers\nasabah))
#8 C:\xampp\htdocs\tabungan-santri\vendor\codeigniter4\framework\system\CodeIgniter.php(318): CodeIgniter\CodeIgniter->handleRequest(NULL, Object(Config\Cache), false)
#9 C:\xampp\htdocs\tabungan-santri\public\index.php(37): CodeIgniter\CodeIgniter->run()
#10 C:\xampp\htdocs\tabungan-santri\vendor\codeigniter4\framework\system\Commands\Server\rewrite.php(43): require_once('C:\\xampp\\htdocs...')
#11 {main}
