ERROR - 2022-02-16 06:24:17 --> Table 'db_saver.view_penyetoran' doesn't exist
CRITICAL - 2022-02-16 06:24:17 --> Table 'db_saver.view_penyetoran' doesn't exist
#0 /opt/lampp/htdocs/tabungan-santri/vendor/codeigniter4/framework/system/Database/MySQLi/Connection.php(292): mysqli->query()
#1 /opt/lampp/htdocs/tabungan-santri/vendor/codeigniter4/framework/system/Database/BaseConnection.php(670): CodeIgniter\Database\MySQLi\Connection->execute()
#2 /opt/lampp/htdocs/tabungan-santri/vendor/codeigniter4/framework/system/Database/BaseConnection.php(598): CodeIgniter\Database\BaseConnection->simpleQuery()
#3 /opt/lampp/htdocs/tabungan-santri/vendor/codeigniter4/framework/system/Database/BaseBuilder.php(1443): CodeIgniter\Database\BaseConnection->query()
#4 /opt/lampp/htdocs/tabungan-santri/app/Models/m_penyetoran.php(19): CodeIgniter\Database\BaseBuilder->get()
#5 /opt/lampp/htdocs/tabungan-santri/app/Controllers/Penyetoran.php(19): App\Models\m_penyetoran->getAllData()
#6 /opt/lampp/htdocs/tabungan-santri/vendor/codeigniter4/framework/system/CodeIgniter.php(824): App\Controllers\penyetoran->index()
#7 /opt/lampp/htdocs/tabungan-santri/vendor/codeigniter4/framework/system/CodeIgniter.php(410): CodeIgniter\CodeIgniter->runController()
#8 /opt/lampp/htdocs/tabungan-santri/vendor/codeigniter4/framework/system/CodeIgniter.php(318): CodeIgniter\CodeIgniter->handleRequest()
#9 /opt/lampp/htdocs/tabungan-santri/public/index.php(37): CodeIgniter\CodeIgniter->run()
#10 /opt/lampp/htdocs/tabungan-santri/vendor/codeigniter4/framework/system/Commands/Server/rewrite.php(43): require_once('/opt/lampp/htdo...')
#11 {main}
ERROR - 2022-02-16 06:25:00 --> Table 'db_saver.view_penyetoran' doesn't exist
CRITICAL - 2022-02-16 06:25:00 --> Table 'db_saver.view_penyetoran' doesn't exist
#0 /opt/lampp/htdocs/tabungan-santri/vendor/codeigniter4/framework/system/Database/MySQLi/Connection.php(292): mysqli->query()
#1 /opt/lampp/htdocs/tabungan-santri/vendor/codeigniter4/framework/system/Database/BaseConnection.php(670): CodeIgniter\Database\MySQLi\Connection->execute()
#2 /opt/lampp/htdocs/tabungan-santri/vendor/codeigniter4/framework/system/Database/BaseConnection.php(598): CodeIgniter\Database\BaseConnection->simpleQuery()
#3 /opt/lampp/htdocs/tabungan-santri/vendor/codeigniter4/framework/system/Database/BaseBuilder.php(1443): CodeIgniter\Database\BaseConnection->query()
#4 /opt/lampp/htdocs/tabungan-santri/app/Models/m_penyetoran.php(19): CodeIgniter\Database\BaseBuilder->get()
#5 /opt/lampp/htdocs/tabungan-santri/app/Controllers/Penyetoran.php(19): App\Models\m_penyetoran->getAllData()
#6 /opt/lampp/htdocs/tabungan-santri/vendor/codeigniter4/framework/system/CodeIgniter.php(824): App\Controllers\penyetoran->index()
#7 /opt/lampp/htdocs/tabungan-santri/vendor/codeigniter4/framework/system/CodeIgniter.php(410): CodeIgniter\CodeIgniter->runController()
#8 /opt/lampp/htdocs/tabungan-santri/vendor/codeigniter4/framework/system/CodeIgniter.php(318): CodeIgniter\CodeIgniter->handleRequest()
#9 /opt/lampp/htdocs/tabungan-santri/public/index.php(37): CodeIgniter\CodeIgniter->run()
#10 /opt/lampp/htdocs/tabungan-santri/vendor/codeigniter4/framework/system/Commands/Server/rewrite.php(43): require_once('/opt/lampp/htdo...')
#11 {main}
CRITICAL - 2022-02-16 06:26:47 --> Undefined offset: 0
#0 /opt/lampp/htdocs/tabungan-santri/app/Controllers/Penyetoran.php(46): CodeIgniter\Debug\Exceptions->errorHandler()
#1 /opt/lampp/htdocs/tabungan-santri/vendor/codeigniter4/framework/system/CodeIgniter.php(824): App\Controllers\penyetoran->simpan()
#2 /opt/lampp/htdocs/tabungan-santri/vendor/codeigniter4/framework/system/CodeIgniter.php(410): CodeIgniter\CodeIgniter->runController()
#3 /opt/lampp/htdocs/tabungan-santri/vendor/codeigniter4/framework/system/CodeIgniter.php(318): CodeIgniter\CodeIgniter->handleRequest()
#4 /opt/lampp/htdocs/tabungan-santri/public/index.php(37): CodeIgniter\CodeIgniter->run()
#5 /opt/lampp/htdocs/tabungan-santri/vendor/codeigniter4/framework/system/Commands/Server/rewrite.php(43): require_once('/opt/lampp/htdo...')
#6 {main}
CRITICAL - 2022-02-16 06:26:57 --> Undefined offset: 0
#0 /opt/lampp/htdocs/tabungan-santri/app/Controllers/Penyetoran.php(46): CodeIgniter\Debug\Exceptions->errorHandler()
#1 /opt/lampp/htdocs/tabungan-santri/vendor/codeigniter4/framework/system/CodeIgniter.php(824): App\Controllers\penyetoran->simpan()
#2 /opt/lampp/htdocs/tabungan-santri/vendor/codeigniter4/framework/system/CodeIgniter.php(410): CodeIgniter\CodeIgniter->runController()
#3 /opt/lampp/htdocs/tabungan-santri/vendor/codeigniter4/framework/system/CodeIgniter.php(318): CodeIgniter\CodeIgniter->handleRequest()
#4 /opt/lampp/htdocs/tabungan-santri/public/index.php(37): CodeIgniter\CodeIgniter->run()
#5 /opt/lampp/htdocs/tabungan-santri/vendor/codeigniter4/framework/system/Commands/Server/rewrite.php(43): require_once('/opt/lampp/htdo...')
#6 {main}
CRITICAL - 2022-02-16 06:28:20 --> Undefined offset: 0
#0 /opt/lampp/htdocs/tabungan-santri/app/Controllers/Penyetoran.php(46): CodeIgniter\Debug\Exceptions->errorHandler()
#1 /opt/lampp/htdocs/tabungan-santri/vendor/codeigniter4/framework/system/CodeIgniter.php(824): App\Controllers\penyetoran->simpan()
#2 /opt/lampp/htdocs/tabungan-santri/vendor/codeigniter4/framework/system/CodeIgniter.php(410): CodeIgniter\CodeIgniter->runController()
#3 /opt/lampp/htdocs/tabungan-santri/vendor/codeigniter4/framework/system/CodeIgniter.php(318): CodeIgniter\CodeIgniter->handleRequest()
#4 /opt/lampp/htdocs/tabungan-santri/public/index.php(37): CodeIgniter\CodeIgniter->run()
#5 /opt/lampp/htdocs/tabungan-santri/vendor/codeigniter4/framework/system/Commands/Server/rewrite.php(43): require_once('/opt/lampp/htdo...')
#6 {main}
ERROR - 2022-02-16 06:33:21 --> Unknown column 'tarikId' in 'field list'
CRITICAL - 2022-02-16 06:33:21 --> Unknown column 'tarikId' in 'field list'
#0 /opt/lampp/htdocs/tabungan-santri/vendor/codeigniter4/framework/system/Database/MySQLi/Connection.php(292): mysqli->query()
#1 /opt/lampp/htdocs/tabungan-santri/vendor/codeigniter4/framework/system/Database/BaseConnection.php(670): CodeIgniter\Database\MySQLi\Connection->execute()
#2 /opt/lampp/htdocs/tabungan-santri/vendor/codeigniter4/framework/system/Database/BaseConnection.php(598): CodeIgniter\Database\BaseConnection->simpleQuery()
#3 /opt/lampp/htdocs/tabungan-santri/vendor/codeigniter4/framework/system/Database/BaseBuilder.php(1759): CodeIgniter\Database\BaseConnection->query()
#4 /opt/lampp/htdocs/tabungan-santri/app/Models/m_penyetoran.php(28): CodeIgniter\Database\BaseBuilder->insert()
#5 /opt/lampp/htdocs/tabungan-santri/app/Controllers/Penyetoran.php(71): App\Models\m_penyetoran->simpan()
#6 /opt/lampp/htdocs/tabungan-santri/vendor/codeigniter4/framework/system/CodeIgniter.php(824): App\Controllers\penyetoran->simpan()
#7 /opt/lampp/htdocs/tabungan-santri/vendor/codeigniter4/framework/system/CodeIgniter.php(410): CodeIgniter\CodeIgniter->runController()
#8 /opt/lampp/htdocs/tabungan-santri/vendor/codeigniter4/framework/system/CodeIgniter.php(318): CodeIgniter\CodeIgniter->handleRequest()
#9 /opt/lampp/htdocs/tabungan-santri/public/index.php(37): CodeIgniter\CodeIgniter->run()
#10 /opt/lampp/htdocs/tabungan-santri/vendor/codeigniter4/framework/system/Commands/Server/rewrite.php(43): require_once('/opt/lampp/htdo...')
#11 {main}
