CRITICAL - 2021-12-20 07:45:21 --> Undefined variable: role
#0 /opt/lampp/htdocs/CI4APP/app/Views/role/tambah.php(30): CodeIgniter\Debug\Exceptions->errorHandler()
#1 /opt/lampp/htdocs/CI4APP/vendor/codeigniter4/framework/system/View/View.php(214): include('/opt/lampp/htdo...')
#2 /opt/lampp/htdocs/CI4APP/vendor/codeigniter4/framework/system/View/View.php(217): CodeIgniter\View\View->CodeIgniter\View\{closure}()
#3 /opt/lampp/htdocs/CI4APP/vendor/codeigniter4/framework/system/Common.php(1097): CodeIgniter\View\View->render()
#4 /opt/lampp/htdocs/CI4APP/app/Controllers/Role.php(32): view()
#5 /opt/lampp/htdocs/CI4APP/vendor/codeigniter4/framework/system/CodeIgniter.php(824): App\Controllers\Role->tambah()
#6 /opt/lampp/htdocs/CI4APP/vendor/codeigniter4/framework/system/CodeIgniter.php(410): CodeIgniter\CodeIgniter->runController()
#7 /opt/lampp/htdocs/CI4APP/vendor/codeigniter4/framework/system/CodeIgniter.php(318): CodeIgniter\CodeIgniter->handleRequest()
#8 /opt/lampp/htdocs/CI4APP/public/index.php(37): CodeIgniter\CodeIgniter->run()
#9 /opt/lampp/htdocs/CI4APP/vendor/codeigniter4/framework/system/Commands/Server/rewrite.php(43): require_once('/opt/lampp/htdo...')
#10 {main}
CRITICAL - 2021-12-20 09:16:41 --> Undefined variable: password
#0 /opt/lampp/htdocs/CI4APP/app/Views/admin/index.php(52): CodeIgniter\Debug\Exceptions->errorHandler()
#1 /opt/lampp/htdocs/CI4APP/vendor/codeigniter4/framework/system/View/View.php(214): include('/opt/lampp/htdo...')
#2 /opt/lampp/htdocs/CI4APP/vendor/codeigniter4/framework/system/View/View.php(217): CodeIgniter\View\View->CodeIgniter\View\{closure}()
#3 /opt/lampp/htdocs/CI4APP/vendor/codeigniter4/framework/system/Common.php(1097): CodeIgniter\View\View->render()
#4 /opt/lampp/htdocs/CI4APP/app/Controllers/Admin.php(26): view()
#5 /opt/lampp/htdocs/CI4APP/vendor/codeigniter4/framework/system/CodeIgniter.php(824): App\Controllers\admin->index()
#6 /opt/lampp/htdocs/CI4APP/vendor/codeigniter4/framework/system/CodeIgniter.php(410): CodeIgniter\CodeIgniter->runController()
#7 /opt/lampp/htdocs/CI4APP/vendor/codeigniter4/framework/system/CodeIgniter.php(318): CodeIgniter\CodeIgniter->handleRequest()
#8 /opt/lampp/htdocs/CI4APP/public/index.php(37): CodeIgniter\CodeIgniter->run()
#9 /opt/lampp/htdocs/CI4APP/vendor/codeigniter4/framework/system/Commands/Server/rewrite.php(43): require_once('/opt/lampp/htdo...')
#10 {main}
CRITICAL - 2021-12-20 09:17:54 --> Illegal string offset 'name'
#0 /opt/lampp/htdocs/CI4APP/app/Views/admin/index.php(86): CodeIgniter\Debug\Exceptions->errorHandler()
#1 /opt/lampp/htdocs/CI4APP/vendor/codeigniter4/framework/system/View/View.php(214): include('/opt/lampp/htdo...')
#2 /opt/lampp/htdocs/CI4APP/vendor/codeigniter4/framework/system/View/View.php(217): CodeIgniter\View\View->CodeIgniter\View\{closure}()
#3 /opt/lampp/htdocs/CI4APP/vendor/codeigniter4/framework/system/Common.php(1097): CodeIgniter\View\View->render()
#4 /opt/lampp/htdocs/CI4APP/app/Controllers/Admin.php(26): view()
#5 /opt/lampp/htdocs/CI4APP/vendor/codeigniter4/framework/system/CodeIgniter.php(824): App\Controllers\admin->index()
#6 /opt/lampp/htdocs/CI4APP/vendor/codeigniter4/framework/system/CodeIgniter.php(410): CodeIgniter\CodeIgniter->runController()
#7 /opt/lampp/htdocs/CI4APP/vendor/codeigniter4/framework/system/CodeIgniter.php(318): CodeIgniter\CodeIgniter->handleRequest()
#8 /opt/lampp/htdocs/CI4APP/public/index.php(37): CodeIgniter\CodeIgniter->run()
#9 /opt/lampp/htdocs/CI4APP/vendor/codeigniter4/framework/system/Commands/Server/rewrite.php(43): require_once('/opt/lampp/htdo...')
#10 {main}
CRITICAL - 2021-12-20 09:19:51 --> Illegal string offset 'nomorTelp'
#0 /opt/lampp/htdocs/CI4APP/app/Views/admin/index.php(87): CodeIgniter\Debug\Exceptions->errorHandler()
#1 /opt/lampp/htdocs/CI4APP/vendor/codeigniter4/framework/system/View/View.php(214): include('/opt/lampp/htdo...')
#2 /opt/lampp/htdocs/CI4APP/vendor/codeigniter4/framework/system/View/View.php(217): CodeIgniter\View\View->CodeIgniter\View\{closure}()
#3 /opt/lampp/htdocs/CI4APP/vendor/codeigniter4/framework/system/Common.php(1097): CodeIgniter\View\View->render()
#4 /opt/lampp/htdocs/CI4APP/app/Controllers/Admin.php(26): view()
#5 /opt/lampp/htdocs/CI4APP/vendor/codeigniter4/framework/system/CodeIgniter.php(824): App\Controllers\admin->index()
#6 /opt/lampp/htdocs/CI4APP/vendor/codeigniter4/framework/system/CodeIgniter.php(410): CodeIgniter\CodeIgniter->runController()
#7 /opt/lampp/htdocs/CI4APP/vendor/codeigniter4/framework/system/CodeIgniter.php(318): CodeIgniter\CodeIgniter->handleRequest()
#8 /opt/lampp/htdocs/CI4APP/public/index.php(37): CodeIgniter\CodeIgniter->run()
#9 /opt/lampp/htdocs/CI4APP/vendor/codeigniter4/framework/system/Commands/Server/rewrite.php(43): require_once('/opt/lampp/htdo...')
#10 {main}
CRITICAL - 2021-12-20 09:21:19 --> Illegal string offset 'adminId'
#0 /opt/lampp/htdocs/CI4APP/app/Views/admin/index.php(91): CodeIgniter\Debug\Exceptions->errorHandler()
#1 /opt/lampp/htdocs/CI4APP/vendor/codeigniter4/framework/system/View/View.php(214): include('/opt/lampp/htdo...')
#2 /opt/lampp/htdocs/CI4APP/vendor/codeigniter4/framework/system/View/View.php(217): CodeIgniter\View\View->CodeIgniter\View\{closure}()
#3 /opt/lampp/htdocs/CI4APP/vendor/codeigniter4/framework/system/Common.php(1097): CodeIgniter\View\View->render()
#4 /opt/lampp/htdocs/CI4APP/app/Controllers/Admin.php(26): view()
#5 /opt/lampp/htdocs/CI4APP/vendor/codeigniter4/framework/system/CodeIgniter.php(824): App\Controllers\admin->index()
#6 /opt/lampp/htdocs/CI4APP/vendor/codeigniter4/framework/system/CodeIgniter.php(410): CodeIgniter\CodeIgniter->runController()
#7 /opt/lampp/htdocs/CI4APP/vendor/codeigniter4/framework/system/CodeIgniter.php(318): CodeIgniter\CodeIgniter->handleRequest()
#8 /opt/lampp/htdocs/CI4APP/public/index.php(37): CodeIgniter\CodeIgniter->run()
#9 /opt/lampp/htdocs/CI4APP/vendor/codeigniter4/framework/system/Commands/Server/rewrite.php(43): require_once('/opt/lampp/htdo...')
#10 {main}
CRITICAL - 2021-12-20 09:23:19 --> openssl_encrypt() expects parameter 1 to be string, array given
#0 [internal function]: CodeIgniter\Debug\Exceptions->errorHandler()
#1 /opt/lampp/htdocs/CI4APP/app/Views/admin/index.php(79): openssl_encrypt()
#2 /opt/lampp/htdocs/CI4APP/vendor/codeigniter4/framework/system/View/View.php(214): include('/opt/lampp/htdo...')
#3 /opt/lampp/htdocs/CI4APP/vendor/codeigniter4/framework/system/View/View.php(217): CodeIgniter\View\View->CodeIgniter\View\{closure}()
#4 /opt/lampp/htdocs/CI4APP/vendor/codeigniter4/framework/system/Common.php(1097): CodeIgniter\View\View->render()
#5 /opt/lampp/htdocs/CI4APP/app/Controllers/Admin.php(26): view()
#6 /opt/lampp/htdocs/CI4APP/vendor/codeigniter4/framework/system/CodeIgniter.php(824): App\Controllers\admin->index()
#7 /opt/lampp/htdocs/CI4APP/vendor/codeigniter4/framework/system/CodeIgniter.php(410): CodeIgniter\CodeIgniter->runController()
#8 /opt/lampp/htdocs/CI4APP/vendor/codeigniter4/framework/system/CodeIgniter.php(318): CodeIgniter\CodeIgniter->handleRequest()
#9 /opt/lampp/htdocs/CI4APP/public/index.php(37): CodeIgniter\CodeIgniter->run()
#10 /opt/lampp/htdocs/CI4APP/vendor/codeigniter4/framework/system/Commands/Server/rewrite.php(43): require_once('/opt/lampp/htdo...')
#11 {main}
CRITICAL - 2021-12-20 09:23:57 --> openssl_encrypt() expects parameter 1 to be string, array given
#0 [internal function]: CodeIgniter\Debug\Exceptions->errorHandler()
#1 /opt/lampp/htdocs/CI4APP/app/Views/admin/index.php(79): openssl_encrypt()
#2 /opt/lampp/htdocs/CI4APP/vendor/codeigniter4/framework/system/View/View.php(214): include('/opt/lampp/htdo...')
#3 /opt/lampp/htdocs/CI4APP/vendor/codeigniter4/framework/system/View/View.php(217): CodeIgniter\View\View->CodeIgniter\View\{closure}()
#4 /opt/lampp/htdocs/CI4APP/vendor/codeigniter4/framework/system/Common.php(1097): CodeIgniter\View\View->render()
#5 /opt/lampp/htdocs/CI4APP/app/Controllers/Admin.php(26): view()
#6 /opt/lampp/htdocs/CI4APP/vendor/codeigniter4/framework/system/CodeIgniter.php(824): App\Controllers\admin->index()
#7 /opt/lampp/htdocs/CI4APP/vendor/codeigniter4/framework/system/CodeIgniter.php(410): CodeIgniter\CodeIgniter->runController()
#8 /opt/lampp/htdocs/CI4APP/vendor/codeigniter4/framework/system/CodeIgniter.php(318): CodeIgniter\CodeIgniter->handleRequest()
#9 /opt/lampp/htdocs/CI4APP/public/index.php(37): CodeIgniter\CodeIgniter->run()
#10 /opt/lampp/htdocs/CI4APP/vendor/codeigniter4/framework/system/Commands/Server/rewrite.php(43): require_once('/opt/lampp/htdo...')
#11 {main}
CRITICAL - 2021-12-20 09:25:20 --> openssl_encrypt() expects parameter 1 to be string, array given
#0 [internal function]: CodeIgniter\Debug\Exceptions->errorHandler()
#1 /opt/lampp/htdocs/CI4APP/app/Views/admin/index.php(79): openssl_encrypt()
#2 /opt/lampp/htdocs/CI4APP/vendor/codeigniter4/framework/system/View/View.php(214): include('/opt/lampp/htdo...')
#3 /opt/lampp/htdocs/CI4APP/vendor/codeigniter4/framework/system/View/View.php(217): CodeIgniter\View\View->CodeIgniter\View\{closure}()
#4 /opt/lampp/htdocs/CI4APP/vendor/codeigniter4/framework/system/Common.php(1097): CodeIgniter\View\View->render()
#5 /opt/lampp/htdocs/CI4APP/app/Controllers/Admin.php(26): view()
#6 /opt/lampp/htdocs/CI4APP/vendor/codeigniter4/framework/system/CodeIgniter.php(824): App\Controllers\admin->index()
#7 /opt/lampp/htdocs/CI4APP/vendor/codeigniter4/framework/system/CodeIgniter.php(410): CodeIgniter\CodeIgniter->runController()
#8 /opt/lampp/htdocs/CI4APP/vendor/codeigniter4/framework/system/CodeIgniter.php(318): CodeIgniter\CodeIgniter->handleRequest()
#9 /opt/lampp/htdocs/CI4APP/public/index.php(37): CodeIgniter\CodeIgniter->run()
#10 /opt/lampp/htdocs/CI4APP/vendor/codeigniter4/framework/system/Commands/Server/rewrite.php(43): require_once('/opt/lampp/htdo...')
#11 {main}
CRITICAL - 2021-12-20 09:27:30 --> openssl_encrypt() expects parameter 1 to be string, array given
#0 [internal function]: CodeIgniter\Debug\Exceptions->errorHandler()
#1 /opt/lampp/htdocs/CI4APP/app/Views/admin/index.php(79): openssl_encrypt()
#2 /opt/lampp/htdocs/CI4APP/vendor/codeigniter4/framework/system/View/View.php(214): include('/opt/lampp/htdo...')
#3 /opt/lampp/htdocs/CI4APP/vendor/codeigniter4/framework/system/View/View.php(217): CodeIgniter\View\View->CodeIgniter\View\{closure}()
#4 /opt/lampp/htdocs/CI4APP/vendor/codeigniter4/framework/system/Common.php(1097): CodeIgniter\View\View->render()
#5 /opt/lampp/htdocs/CI4APP/app/Controllers/Admin.php(26): view()
#6 /opt/lampp/htdocs/CI4APP/vendor/codeigniter4/framework/system/CodeIgniter.php(824): App\Controllers\admin->index()
#7 /opt/lampp/htdocs/CI4APP/vendor/codeigniter4/framework/system/CodeIgniter.php(410): CodeIgniter\CodeIgniter->runController()
#8 /opt/lampp/htdocs/CI4APP/vendor/codeigniter4/framework/system/CodeIgniter.php(318): CodeIgniter\CodeIgniter->handleRequest()
#9 /opt/lampp/htdocs/CI4APP/public/index.php(37): CodeIgniter\CodeIgniter->run()
#10 /opt/lampp/htdocs/CI4APP/vendor/codeigniter4/framework/system/Commands/Server/rewrite.php(43): require_once('/opt/lampp/htdo...')
#11 {main}
CRITICAL - 2021-12-20 09:27:53 --> Illegal string offset 'adminId'
#0 /opt/lampp/htdocs/CI4APP/app/Views/admin/index.php(91): CodeIgniter\Debug\Exceptions->errorHandler()
#1 /opt/lampp/htdocs/CI4APP/vendor/codeigniter4/framework/system/View/View.php(214): include('/opt/lampp/htdo...')
#2 /opt/lampp/htdocs/CI4APP/vendor/codeigniter4/framework/system/View/View.php(217): CodeIgniter\View\View->CodeIgniter\View\{closure}()
#3 /opt/lampp/htdocs/CI4APP/vendor/codeigniter4/framework/system/Common.php(1097): CodeIgniter\View\View->render()
#4 /opt/lampp/htdocs/CI4APP/app/Controllers/Admin.php(26): view()
#5 /opt/lampp/htdocs/CI4APP/vendor/codeigniter4/framework/system/CodeIgniter.php(824): App\Controllers\admin->index()
#6 /opt/lampp/htdocs/CI4APP/vendor/codeigniter4/framework/system/CodeIgniter.php(410): CodeIgniter\CodeIgniter->runController()
#7 /opt/lampp/htdocs/CI4APP/vendor/codeigniter4/framework/system/CodeIgniter.php(318): CodeIgniter\CodeIgniter->handleRequest()
#8 /opt/lampp/htdocs/CI4APP/public/index.php(37): CodeIgniter\CodeIgniter->run()
#9 /opt/lampp/htdocs/CI4APP/vendor/codeigniter4/framework/system/Commands/Server/rewrite.php(43): require_once('/opt/lampp/htdo...')
#10 {main}
CRITICAL - 2021-12-20 09:29:35 --> Cannot use [] for reading
#0 [internal function]: CodeIgniter\Debug\Exceptions->shutdownHandler()
#1 {main}
CRITICAL - 2021-12-20 09:29:47 --> Function name must be a string
#0 /opt/lampp/htdocs/CI4APP/vendor/codeigniter4/framework/system/View/View.php(214): include()
#1 /opt/lampp/htdocs/CI4APP/vendor/codeigniter4/framework/system/View/View.php(217): CodeIgniter\View\View->CodeIgniter\View\{closure}()
#2 /opt/lampp/htdocs/CI4APP/vendor/codeigniter4/framework/system/Common.php(1097): CodeIgniter\View\View->render()
#3 /opt/lampp/htdocs/CI4APP/app/Controllers/Admin.php(26): view()
#4 /opt/lampp/htdocs/CI4APP/vendor/codeigniter4/framework/system/CodeIgniter.php(824): App\Controllers\admin->index()
#5 /opt/lampp/htdocs/CI4APP/vendor/codeigniter4/framework/system/CodeIgniter.php(410): CodeIgniter\CodeIgniter->runController()
#6 /opt/lampp/htdocs/CI4APP/vendor/codeigniter4/framework/system/CodeIgniter.php(318): CodeIgniter\CodeIgniter->handleRequest()
#7 /opt/lampp/htdocs/CI4APP/public/index.php(37): CodeIgniter\CodeIgniter->run()
#8 /opt/lampp/htdocs/CI4APP/vendor/codeigniter4/framework/system/Commands/Server/rewrite.php(43): require_once('/opt/lampp/htdo...')
#9 {main}
CRITICAL - 2021-12-20 09:30:10 --> Illegal offset type
#0 /opt/lampp/htdocs/CI4APP/app/Views/admin/index.php(79): CodeIgniter\Debug\Exceptions->errorHandler()
#1 /opt/lampp/htdocs/CI4APP/vendor/codeigniter4/framework/system/View/View.php(214): include('/opt/lampp/htdo...')
#2 /opt/lampp/htdocs/CI4APP/vendor/codeigniter4/framework/system/View/View.php(217): CodeIgniter\View\View->CodeIgniter\View\{closure}()
#3 /opt/lampp/htdocs/CI4APP/vendor/codeigniter4/framework/system/Common.php(1097): CodeIgniter\View\View->render()
#4 /opt/lampp/htdocs/CI4APP/app/Controllers/Admin.php(26): view()
#5 /opt/lampp/htdocs/CI4APP/vendor/codeigniter4/framework/system/CodeIgniter.php(824): App\Controllers\admin->index()
#6 /opt/lampp/htdocs/CI4APP/vendor/codeigniter4/framework/system/CodeIgniter.php(410): CodeIgniter\CodeIgniter->runController()
#7 /opt/lampp/htdocs/CI4APP/vendor/codeigniter4/framework/system/CodeIgniter.php(318): CodeIgniter\CodeIgniter->handleRequest()
#8 /opt/lampp/htdocs/CI4APP/public/index.php(37): CodeIgniter\CodeIgniter->run()
#9 /opt/lampp/htdocs/CI4APP/vendor/codeigniter4/framework/system/Commands/Server/rewrite.php(43): require_once('/opt/lampp/htdo...')
#10 {main}
CRITICAL - 2021-12-20 09:30:56 --> Illegal offset type
#0 /opt/lampp/htdocs/CI4APP/app/Views/admin/index.php(79): CodeIgniter\Debug\Exceptions->errorHandler()
#1 /opt/lampp/htdocs/CI4APP/vendor/codeigniter4/framework/system/View/View.php(214): include('/opt/lampp/htdo...')
#2 /opt/lampp/htdocs/CI4APP/vendor/codeigniter4/framework/system/View/View.php(217): CodeIgniter\View\View->CodeIgniter\View\{closure}()
#3 /opt/lampp/htdocs/CI4APP/vendor/codeigniter4/framework/system/Common.php(1097): CodeIgniter\View\View->render()
#4 /opt/lampp/htdocs/CI4APP/app/Controllers/Admin.php(26): view()
#5 /opt/lampp/htdocs/CI4APP/vendor/codeigniter4/framework/system/CodeIgniter.php(824): App\Controllers\admin->index()
#6 /opt/lampp/htdocs/CI4APP/vendor/codeigniter4/framework/system/CodeIgniter.php(410): CodeIgniter\CodeIgniter->runController()
#7 /opt/lampp/htdocs/CI4APP/vendor/codeigniter4/framework/system/CodeIgniter.php(318): CodeIgniter\CodeIgniter->handleRequest()
#8 /opt/lampp/htdocs/CI4APP/public/index.php(37): CodeIgniter\CodeIgniter->run()
#9 /opt/lampp/htdocs/CI4APP/vendor/codeigniter4/framework/system/Commands/Server/rewrite.php(43): require_once('/opt/lampp/htdo...')
#10 {main}
CRITICAL - 2021-12-20 09:31:12 --> Cannot use [] for reading
#0 [internal function]: CodeIgniter\Debug\Exceptions->shutdownHandler()
#1 {main}
CRITICAL - 2021-12-20 09:31:19 --> openssl_encrypt() expects parameter 1 to be string, array given
#0 [internal function]: CodeIgniter\Debug\Exceptions->errorHandler()
#1 /opt/lampp/htdocs/CI4APP/app/Views/admin/index.php(79): openssl_encrypt()
#2 /opt/lampp/htdocs/CI4APP/vendor/codeigniter4/framework/system/View/View.php(214): include('/opt/lampp/htdo...')
#3 /opt/lampp/htdocs/CI4APP/vendor/codeigniter4/framework/system/View/View.php(217): CodeIgniter\View\View->CodeIgniter\View\{closure}()
#4 /opt/lampp/htdocs/CI4APP/vendor/codeigniter4/framework/system/Common.php(1097): CodeIgniter\View\View->render()
#5 /opt/lampp/htdocs/CI4APP/app/Controllers/Admin.php(26): view()
#6 /opt/lampp/htdocs/CI4APP/vendor/codeigniter4/framework/system/CodeIgniter.php(824): App\Controllers\admin->index()
#7 /opt/lampp/htdocs/CI4APP/vendor/codeigniter4/framework/system/CodeIgniter.php(410): CodeIgniter\CodeIgniter->runController()
#8 /opt/lampp/htdocs/CI4APP/vendor/codeigniter4/framework/system/CodeIgniter.php(318): CodeIgniter\CodeIgniter->handleRequest()
#9 /opt/lampp/htdocs/CI4APP/public/index.php(37): CodeIgniter\CodeIgniter->run()
#10 /opt/lampp/htdocs/CI4APP/vendor/codeigniter4/framework/system/Commands/Server/rewrite.php(43): require_once('/opt/lampp/htdo...')
#11 {main}
CRITICAL - 2021-12-20 09:34:08 --> openssl_encrypt() expects parameter 4 to be int, string given
#0 [internal function]: CodeIgniter\Debug\Exceptions->errorHandler()
#1 /opt/lampp/htdocs/CI4APP/app/Views/admin/index.php(79): openssl_encrypt()
#2 /opt/lampp/htdocs/CI4APP/vendor/codeigniter4/framework/system/View/View.php(214): include('/opt/lampp/htdo...')
#3 /opt/lampp/htdocs/CI4APP/vendor/codeigniter4/framework/system/View/View.php(217): CodeIgniter\View\View->CodeIgniter\View\{closure}()
#4 /opt/lampp/htdocs/CI4APP/vendor/codeigniter4/framework/system/Common.php(1097): CodeIgniter\View\View->render()
#5 /opt/lampp/htdocs/CI4APP/app/Controllers/Admin.php(26): view()
#6 /opt/lampp/htdocs/CI4APP/vendor/codeigniter4/framework/system/CodeIgniter.php(824): App\Controllers\admin->index()
#7 /opt/lampp/htdocs/CI4APP/vendor/codeigniter4/framework/system/CodeIgniter.php(410): CodeIgniter\CodeIgniter->runController()
#8 /opt/lampp/htdocs/CI4APP/vendor/codeigniter4/framework/system/CodeIgniter.php(318): CodeIgniter\CodeIgniter->handleRequest()
#9 /opt/lampp/htdocs/CI4APP/public/index.php(37): CodeIgniter\CodeIgniter->run()
#10 /opt/lampp/htdocs/CI4APP/vendor/codeigniter4/framework/system/Commands/Server/rewrite.php(43): require_once('/opt/lampp/htdo...')
#11 {main}
CRITICAL - 2021-12-20 09:35:54 --> Undefined variable: adminId
#0 /opt/lampp/htdocs/CI4APP/app/Views/admin/edit.php(21): CodeIgniter\Debug\Exceptions->errorHandler()
#1 /opt/lampp/htdocs/CI4APP/vendor/codeigniter4/framework/system/View/View.php(214): include('/opt/lampp/htdo...')
#2 /opt/lampp/htdocs/CI4APP/vendor/codeigniter4/framework/system/View/View.php(217): CodeIgniter\View\View->CodeIgniter\View\{closure}()
#3 /opt/lampp/htdocs/CI4APP/vendor/codeigniter4/framework/system/Common.php(1097): CodeIgniter\View\View->render()
#4 /opt/lampp/htdocs/CI4APP/app/Controllers/Admin.php(111): view()
#5 /opt/lampp/htdocs/CI4APP/vendor/codeigniter4/framework/system/CodeIgniter.php(824): App\Controllers\admin->edit()
#6 /opt/lampp/htdocs/CI4APP/vendor/codeigniter4/framework/system/CodeIgniter.php(410): CodeIgniter\CodeIgniter->runController()
#7 /opt/lampp/htdocs/CI4APP/vendor/codeigniter4/framework/system/CodeIgniter.php(318): CodeIgniter\CodeIgniter->handleRequest()
#8 /opt/lampp/htdocs/CI4APP/public/index.php(37): CodeIgniter\CodeIgniter->run()
#9 /opt/lampp/htdocs/CI4APP/vendor/codeigniter4/framework/system/Commands/Server/rewrite.php(43): require_once('/opt/lampp/htdo...')
#10 {main}
CRITICAL - 2021-12-20 10:08:51 --> Undefined variable: password
#0 /opt/lampp/htdocs/CI4APP/app/Views/admin/index.php(64): CodeIgniter\Debug\Exceptions->errorHandler()
#1 /opt/lampp/htdocs/CI4APP/vendor/codeigniter4/framework/system/View/View.php(214): include('/opt/lampp/htdo...')
#2 /opt/lampp/htdocs/CI4APP/vendor/codeigniter4/framework/system/View/View.php(217): CodeIgniter\View\View->CodeIgniter\View\{closure}()
#3 /opt/lampp/htdocs/CI4APP/vendor/codeigniter4/framework/system/Common.php(1097): CodeIgniter\View\View->render()
#4 /opt/lampp/htdocs/CI4APP/app/Controllers/Admin.php(26): view()
#5 /opt/lampp/htdocs/CI4APP/vendor/codeigniter4/framework/system/CodeIgniter.php(824): App\Controllers\admin->index()
#6 /opt/lampp/htdocs/CI4APP/vendor/codeigniter4/framework/system/CodeIgniter.php(410): CodeIgniter\CodeIgniter->runController()
#7 /opt/lampp/htdocs/CI4APP/vendor/codeigniter4/framework/system/CodeIgniter.php(318): CodeIgniter\CodeIgniter->handleRequest()
#8 /opt/lampp/htdocs/CI4APP/public/index.php(37): CodeIgniter\CodeIgniter->run()
#9 /opt/lampp/htdocs/CI4APP/vendor/codeigniter4/framework/system/Commands/Server/rewrite.php(43): require_once('/opt/lampp/htdo...')
#10 {main}
CRITICAL - 2021-12-20 10:12:46 --> Undefined variable: encrypted
#0 /opt/lampp/htdocs/CI4APP/app/Views/admin/index.php(82): CodeIgniter\Debug\Exceptions->errorHandler()
#1 /opt/lampp/htdocs/CI4APP/vendor/codeigniter4/framework/system/View/View.php(214): include('/opt/lampp/htdo...')
#2 /opt/lampp/htdocs/CI4APP/vendor/codeigniter4/framework/system/View/View.php(217): CodeIgniter\View\View->CodeIgniter\View\{closure}()
#3 /opt/lampp/htdocs/CI4APP/vendor/codeigniter4/framework/system/Common.php(1097): CodeIgniter\View\View->render()
#4 /opt/lampp/htdocs/CI4APP/app/Controllers/Admin.php(26): view()
#5 /opt/lampp/htdocs/CI4APP/vendor/codeigniter4/framework/system/CodeIgniter.php(824): App\Controllers\admin->index()
#6 /opt/lampp/htdocs/CI4APP/vendor/codeigniter4/framework/system/CodeIgniter.php(410): CodeIgniter\CodeIgniter->runController()
#7 /opt/lampp/htdocs/CI4APP/vendor/codeigniter4/framework/system/CodeIgniter.php(318): CodeIgniter\CodeIgniter->handleRequest()
#8 /opt/lampp/htdocs/CI4APP/public/index.php(37): CodeIgniter\CodeIgniter->run()
#9 /opt/lampp/htdocs/CI4APP/vendor/codeigniter4/framework/system/Commands/Server/rewrite.php(43): require_once('/opt/lampp/htdo...')
#10 {main}
CRITICAL - 2021-12-20 16:37:21 --> Undefined variable: 
#0 /opt/lampp/htdocs/CI4APP/app/Views/admin/index.php(80): CodeIgniter\Debug\Exceptions->errorHandler()
#1 /opt/lampp/htdocs/CI4APP/vendor/codeigniter4/framework/system/View/View.php(214): include('/opt/lampp/htdo...')
#2 /opt/lampp/htdocs/CI4APP/vendor/codeigniter4/framework/system/View/View.php(217): CodeIgniter\View\View->CodeIgniter\View\{closure}()
#3 /opt/lampp/htdocs/CI4APP/vendor/codeigniter4/framework/system/Common.php(1097): CodeIgniter\View\View->render()
#4 /opt/lampp/htdocs/CI4APP/app/Controllers/Admin.php(26): view()
#5 /opt/lampp/htdocs/CI4APP/vendor/codeigniter4/framework/system/CodeIgniter.php(824): App\Controllers\admin->index()
#6 /opt/lampp/htdocs/CI4APP/vendor/codeigniter4/framework/system/CodeIgniter.php(410): CodeIgniter\CodeIgniter->runController()
#7 /opt/lampp/htdocs/CI4APP/vendor/codeigniter4/framework/system/CodeIgniter.php(318): CodeIgniter\CodeIgniter->handleRequest()
#8 /opt/lampp/htdocs/CI4APP/public/index.php(37): CodeIgniter\CodeIgniter->run()
#9 /opt/lampp/htdocs/CI4APP/vendor/codeigniter4/framework/system/Commands/Server/rewrite.php(43): require_once('/opt/lampp/htdo...')
#10 {main}
CRITICAL - 2021-12-20 16:37:33 --> Undefined variable: 
#0 /opt/lampp/htdocs/CI4APP/app/Views/admin/index.php(80): CodeIgniter\Debug\Exceptions->errorHandler()
#1 /opt/lampp/htdocs/CI4APP/vendor/codeigniter4/framework/system/View/View.php(214): include('/opt/lampp/htdo...')
#2 /opt/lampp/htdocs/CI4APP/vendor/codeigniter4/framework/system/View/View.php(217): CodeIgniter\View\View->CodeIgniter\View\{closure}()
#3 /opt/lampp/htdocs/CI4APP/vendor/codeigniter4/framework/system/Common.php(1097): CodeIgniter\View\View->render()
#4 /opt/lampp/htdocs/CI4APP/app/Controllers/Admin.php(26): view()
#5 /opt/lampp/htdocs/CI4APP/vendor/codeigniter4/framework/system/CodeIgniter.php(824): App\Controllers\admin->index()
#6 /opt/lampp/htdocs/CI4APP/vendor/codeigniter4/framework/system/CodeIgniter.php(410): CodeIgniter\CodeIgniter->runController()
#7 /opt/lampp/htdocs/CI4APP/vendor/codeigniter4/framework/system/CodeIgniter.php(318): CodeIgniter\CodeIgniter->handleRequest()
#8 /opt/lampp/htdocs/CI4APP/public/index.php(37): CodeIgniter\CodeIgniter->run()
#9 /opt/lampp/htdocs/CI4APP/vendor/codeigniter4/framework/system/Commands/Server/rewrite.php(43): require_once('/opt/lampp/htdo...')
#10 {main}
CRITICAL - 2021-12-20 16:37:47 --> Undefined variable: adminId
#0 /opt/lampp/htdocs/CI4APP/app/Views/admin/edit.php(21): CodeIgniter\Debug\Exceptions->errorHandler()
#1 /opt/lampp/htdocs/CI4APP/vendor/codeigniter4/framework/system/View/View.php(214): include('/opt/lampp/htdo...')
#2 /opt/lampp/htdocs/CI4APP/vendor/codeigniter4/framework/system/View/View.php(217): CodeIgniter\View\View->CodeIgniter\View\{closure}()
#3 /opt/lampp/htdocs/CI4APP/vendor/codeigniter4/framework/system/Common.php(1097): CodeIgniter\View\View->render()
#4 /opt/lampp/htdocs/CI4APP/app/Controllers/Admin.php(111): view()
#5 /opt/lampp/htdocs/CI4APP/vendor/codeigniter4/framework/system/CodeIgniter.php(824): App\Controllers\admin->edit()
#6 /opt/lampp/htdocs/CI4APP/vendor/codeigniter4/framework/system/CodeIgniter.php(410): CodeIgniter\CodeIgniter->runController()
#7 /opt/lampp/htdocs/CI4APP/vendor/codeigniter4/framework/system/CodeIgniter.php(318): CodeIgniter\CodeIgniter->handleRequest()
#8 /opt/lampp/htdocs/CI4APP/public/index.php(37): CodeIgniter\CodeIgniter->run()
#9 /opt/lampp/htdocs/CI4APP/vendor/codeigniter4/framework/system/Commands/Server/rewrite.php(43): require_once('/opt/lampp/htdo...')
#10 {main}
CRITICAL - 2021-12-20 16:39:02 --> Undefined variable: role
#0 /opt/lampp/htdocs/CI4APP/app/Views/admin/edit.php(23): CodeIgniter\Debug\Exceptions->errorHandler()
#1 /opt/lampp/htdocs/CI4APP/vendor/codeigniter4/framework/system/View/View.php(214): include('/opt/lampp/htdo...')
#2 /opt/lampp/htdocs/CI4APP/vendor/codeigniter4/framework/system/View/View.php(217): CodeIgniter\View\View->CodeIgniter\View\{closure}()
#3 /opt/lampp/htdocs/CI4APP/vendor/codeigniter4/framework/system/Common.php(1097): CodeIgniter\View\View->render()
#4 /opt/lampp/htdocs/CI4APP/app/Controllers/Admin.php(111): view()
#5 /opt/lampp/htdocs/CI4APP/vendor/codeigniter4/framework/system/CodeIgniter.php(824): App\Controllers\admin->edit()
#6 /opt/lampp/htdocs/CI4APP/vendor/codeigniter4/framework/system/CodeIgniter.php(410): CodeIgniter\CodeIgniter->runController()
#7 /opt/lampp/htdocs/CI4APP/vendor/codeigniter4/framework/system/CodeIgniter.php(318): CodeIgniter\CodeIgniter->handleRequest()
#8 /opt/lampp/htdocs/CI4APP/public/index.php(37): CodeIgniter\CodeIgniter->run()
#9 /opt/lampp/htdocs/CI4APP/vendor/codeigniter4/framework/system/Commands/Server/rewrite.php(43): require_once('/opt/lampp/htdo...')
#10 {main}
CRITICAL - 2021-12-20 16:39:09 --> Undefined variable: adminId
#0 /opt/lampp/htdocs/CI4APP/app/Views/admin/edit.php(21): CodeIgniter\Debug\Exceptions->errorHandler()
#1 /opt/lampp/htdocs/CI4APP/vendor/codeigniter4/framework/system/View/View.php(214): include('/opt/lampp/htdo...')
#2 /opt/lampp/htdocs/CI4APP/vendor/codeigniter4/framework/system/View/View.php(217): CodeIgniter\View\View->CodeIgniter\View\{closure}()
#3 /opt/lampp/htdocs/CI4APP/vendor/codeigniter4/framework/system/Common.php(1097): CodeIgniter\View\View->render()
#4 /opt/lampp/htdocs/CI4APP/app/Controllers/Admin.php(111): view()
#5 /opt/lampp/htdocs/CI4APP/vendor/codeigniter4/framework/system/CodeIgniter.php(824): App\Controllers\admin->edit()
#6 /opt/lampp/htdocs/CI4APP/vendor/codeigniter4/framework/system/CodeIgniter.php(410): CodeIgniter\CodeIgniter->runController()
#7 /opt/lampp/htdocs/CI4APP/vendor/codeigniter4/framework/system/CodeIgniter.php(318): CodeIgniter\CodeIgniter->handleRequest()
#8 /opt/lampp/htdocs/CI4APP/public/index.php(37): CodeIgniter\CodeIgniter->run()
#9 /opt/lampp/htdocs/CI4APP/vendor/codeigniter4/framework/system/Commands/Server/rewrite.php(43): require_once('/opt/lampp/htdo...')
#10 {main}
CRITICAL - 2021-12-20 16:41:11 --> Undefined property: stdClass::$name
#0 /opt/lampp/htdocs/CI4APP/app/Controllers/Admin.php(100): CodeIgniter\Debug\Exceptions->errorHandler()
#1 /opt/lampp/htdocs/CI4APP/vendor/codeigniter4/framework/system/CodeIgniter.php(824): App\Controllers\admin->edit()
#2 /opt/lampp/htdocs/CI4APP/vendor/codeigniter4/framework/system/CodeIgniter.php(410): CodeIgniter\CodeIgniter->runController()
#3 /opt/lampp/htdocs/CI4APP/vendor/codeigniter4/framework/system/CodeIgniter.php(318): CodeIgniter\CodeIgniter->handleRequest()
#4 /opt/lampp/htdocs/CI4APP/public/index.php(37): CodeIgniter\CodeIgniter->run()
#5 /opt/lampp/htdocs/CI4APP/vendor/codeigniter4/framework/system/Commands/Server/rewrite.php(43): require_once('/opt/lampp/htdo...')
#6 {main}
CRITICAL - 2021-12-20 16:41:56 --> Undefined property: stdClass::$name
#0 /opt/lampp/htdocs/CI4APP/app/Controllers/Admin.php(100): CodeIgniter\Debug\Exceptions->errorHandler()
#1 /opt/lampp/htdocs/CI4APP/vendor/codeigniter4/framework/system/CodeIgniter.php(824): App\Controllers\admin->edit()
#2 /opt/lampp/htdocs/CI4APP/vendor/codeigniter4/framework/system/CodeIgniter.php(410): CodeIgniter\CodeIgniter->runController()
#3 /opt/lampp/htdocs/CI4APP/vendor/codeigniter4/framework/system/CodeIgniter.php(318): CodeIgniter\CodeIgniter->handleRequest()
#4 /opt/lampp/htdocs/CI4APP/public/index.php(37): CodeIgniter\CodeIgniter->run()
#5 /opt/lampp/htdocs/CI4APP/vendor/codeigniter4/framework/system/Commands/Server/rewrite.php(43): require_once('/opt/lampp/htdo...')
#6 {main}
CRITICAL - 2021-12-20 16:43:09 --> Undefined property: stdClass::$name
#0 /opt/lampp/htdocs/CI4APP/app/Controllers/Admin.php(100): CodeIgniter\Debug\Exceptions->errorHandler()
#1 /opt/lampp/htdocs/CI4APP/vendor/codeigniter4/framework/system/CodeIgniter.php(824): App\Controllers\admin->edit()
#2 /opt/lampp/htdocs/CI4APP/vendor/codeigniter4/framework/system/CodeIgniter.php(410): CodeIgniter\CodeIgniter->runController()
#3 /opt/lampp/htdocs/CI4APP/vendor/codeigniter4/framework/system/CodeIgniter.php(318): CodeIgniter\CodeIgniter->handleRequest()
#4 /opt/lampp/htdocs/CI4APP/public/index.php(37): CodeIgniter\CodeIgniter->run()
#5 /opt/lampp/htdocs/CI4APP/vendor/codeigniter4/framework/system/Commands/Server/rewrite.php(43): require_once('/opt/lampp/htdo...')
#6 {main}
CRITICAL - 2021-12-20 16:43:20 --> Undefined property: stdClass::$name
#0 /opt/lampp/htdocs/CI4APP/app/Controllers/Admin.php(100): CodeIgniter\Debug\Exceptions->errorHandler()
#1 /opt/lampp/htdocs/CI4APP/vendor/codeigniter4/framework/system/CodeIgniter.php(824): App\Controllers\admin->edit()
#2 /opt/lampp/htdocs/CI4APP/vendor/codeigniter4/framework/system/CodeIgniter.php(410): CodeIgniter\CodeIgniter->runController()
#3 /opt/lampp/htdocs/CI4APP/vendor/codeigniter4/framework/system/CodeIgniter.php(318): CodeIgniter\CodeIgniter->handleRequest()
#4 /opt/lampp/htdocs/CI4APP/public/index.php(37): CodeIgniter\CodeIgniter->run()
#5 /opt/lampp/htdocs/CI4APP/vendor/codeigniter4/framework/system/Commands/Server/rewrite.php(43): require_once('/opt/lampp/htdo...')
#6 {main}
CRITICAL - 2021-12-20 16:49:09 --> Call to undefined method App\Models\m_admin::edit
#0 /opt/lampp/htdocs/CI4APP/app/Controllers/Admin.php(129): CodeIgniter\Model->__call()
#1 /opt/lampp/htdocs/CI4APP/vendor/codeigniter4/framework/system/CodeIgniter.php(824): App\Controllers\admin->update()
#2 /opt/lampp/htdocs/CI4APP/vendor/codeigniter4/framework/system/CodeIgniter.php(410): CodeIgniter\CodeIgniter->runController()
#3 /opt/lampp/htdocs/CI4APP/vendor/codeigniter4/framework/system/CodeIgniter.php(318): CodeIgniter\CodeIgniter->handleRequest()
#4 /opt/lampp/htdocs/CI4APP/public/index.php(37): CodeIgniter\CodeIgniter->run()
#5 /opt/lampp/htdocs/CI4APP/vendor/codeigniter4/framework/system/Commands/Server/rewrite.php(43): require_once('/opt/lampp/htdo...')
#6 {main}
ERROR - 2021-12-20 16:49:45 --> Unknown column 'name' in 'field list'
CRITICAL - 2021-12-20 16:49:45 --> Unknown column 'name' in 'field list'
#0 /opt/lampp/htdocs/CI4APP/vendor/codeigniter4/framework/system/Database/MySQLi/Connection.php(292): mysqli->query()
#1 /opt/lampp/htdocs/CI4APP/vendor/codeigniter4/framework/system/Database/BaseConnection.php(670): CodeIgniter\Database\MySQLi\Connection->execute()
#2 /opt/lampp/htdocs/CI4APP/vendor/codeigniter4/framework/system/Database/BaseConnection.php(598): CodeIgniter\Database\BaseConnection->simpleQuery()
#3 /opt/lampp/htdocs/CI4APP/vendor/codeigniter4/framework/system/Database/BaseBuilder.php(1901): CodeIgniter\Database\BaseConnection->query()
#4 /opt/lampp/htdocs/CI4APP/app/Models/m_admin.php(47): CodeIgniter\Database\BaseBuilder->update()
#5 /opt/lampp/htdocs/CI4APP/app/Controllers/Admin.php(129): App\Models\m_admin->edit()
#6 /opt/lampp/htdocs/CI4APP/vendor/codeigniter4/framework/system/CodeIgniter.php(824): App\Controllers\admin->update()
#7 /opt/lampp/htdocs/CI4APP/vendor/codeigniter4/framework/system/CodeIgniter.php(410): CodeIgniter\CodeIgniter->runController()
#8 /opt/lampp/htdocs/CI4APP/vendor/codeigniter4/framework/system/CodeIgniter.php(318): CodeIgniter\CodeIgniter->handleRequest()
#9 /opt/lampp/htdocs/CI4APP/public/index.php(37): CodeIgniter\CodeIgniter->run()
#10 /opt/lampp/htdocs/CI4APP/vendor/codeigniter4/framework/system/Commands/Server/rewrite.php(43): require_once('/opt/lampp/htdo...')
#11 {main}
ERROR - 2021-12-20 16:50:28 --> Cannot add or update a child row: a foreign key constraint fails (`db_saver`.`tb_admin`, CONSTRAINT `tb_admin_ibfk_1` FOREIGN KEY (`roleId`) REFERENCES `tb_role` (`roleId`) ON DELETE CASCADE ON UPDATE CASCADE)
CRITICAL - 2021-12-20 16:50:28 --> Cannot add or update a child row: a foreign key constraint fails (`db_saver`.`tb_admin`, CONSTRAINT `tb_admin_ibfk_1` FOREIGN KEY (`roleId`) REFERENCES `tb_role` (`roleId`) ON DELETE CASCADE ON UPDATE CASCADE)
#0 /opt/lampp/htdocs/CI4APP/vendor/codeigniter4/framework/system/Database/MySQLi/Connection.php(292): mysqli->query()
#1 /opt/lampp/htdocs/CI4APP/vendor/codeigniter4/framework/system/Database/BaseConnection.php(670): CodeIgniter\Database\MySQLi\Connection->execute()
#2 /opt/lampp/htdocs/CI4APP/vendor/codeigniter4/framework/system/Database/BaseConnection.php(598): CodeIgniter\Database\BaseConnection->simpleQuery()
#3 /opt/lampp/htdocs/CI4APP/vendor/codeigniter4/framework/system/Database/BaseBuilder.php(1901): CodeIgniter\Database\BaseConnection->query()
#4 /opt/lampp/htdocs/CI4APP/app/Models/m_admin.php(47): CodeIgniter\Database\BaseBuilder->update()
#5 /opt/lampp/htdocs/CI4APP/app/Controllers/Admin.php(129): App\Models\m_admin->edit()
#6 /opt/lampp/htdocs/CI4APP/vendor/codeigniter4/framework/system/CodeIgniter.php(824): App\Controllers\admin->update()
#7 /opt/lampp/htdocs/CI4APP/vendor/codeigniter4/framework/system/CodeIgniter.php(410): CodeIgniter\CodeIgniter->runController()
#8 /opt/lampp/htdocs/CI4APP/vendor/codeigniter4/framework/system/CodeIgniter.php(318): CodeIgniter\CodeIgniter->handleRequest()
#9 /opt/lampp/htdocs/CI4APP/public/index.php(37): CodeIgniter\CodeIgniter->run()
#10 /opt/lampp/htdocs/CI4APP/vendor/codeigniter4/framework/system/Commands/Server/rewrite.php(43): require_once('/opt/lampp/htdo...')
#11 {main}
ERROR - 2021-12-20 16:54:28 --> Unknown column 'name' in 'field list'
CRITICAL - 2021-12-20 16:54:28 --> Unknown column 'name' in 'field list'
#0 /opt/lampp/htdocs/CI4APP/vendor/codeigniter4/framework/system/Database/MySQLi/Connection.php(292): mysqli->query()
#1 /opt/lampp/htdocs/CI4APP/vendor/codeigniter4/framework/system/Database/BaseConnection.php(670): CodeIgniter\Database\MySQLi\Connection->execute()
#2 /opt/lampp/htdocs/CI4APP/vendor/codeigniter4/framework/system/Database/BaseConnection.php(598): CodeIgniter\Database\BaseConnection->simpleQuery()
#3 /opt/lampp/htdocs/CI4APP/vendor/codeigniter4/framework/system/Database/BaseBuilder.php(1901): CodeIgniter\Database\BaseConnection->query()
#4 /opt/lampp/htdocs/CI4APP/app/Models/m_admin.php(47): CodeIgniter\Database\BaseBuilder->update()
#5 /opt/lampp/htdocs/CI4APP/app/Controllers/Admin.php(129): App\Models\m_admin->edit()
#6 /opt/lampp/htdocs/CI4APP/vendor/codeigniter4/framework/system/CodeIgniter.php(824): App\Controllers\admin->update()
#7 /opt/lampp/htdocs/CI4APP/vendor/codeigniter4/framework/system/CodeIgniter.php(410): CodeIgniter\CodeIgniter->runController()
#8 /opt/lampp/htdocs/CI4APP/vendor/codeigniter4/framework/system/CodeIgniter.php(318): CodeIgniter\CodeIgniter->handleRequest()
#9 /opt/lampp/htdocs/CI4APP/public/index.php(37): CodeIgniter\CodeIgniter->run()
#10 /opt/lampp/htdocs/CI4APP/vendor/codeigniter4/framework/system/Commands/Server/rewrite.php(43): require_once('/opt/lampp/htdo...')
#11 {main}
ERROR - 2021-12-20 16:54:58 --> Cannot add or update a child row: a foreign key constraint fails (`db_saver`.`tb_admin`, CONSTRAINT `tb_admin_ibfk_1` FOREIGN KEY (`roleId`) REFERENCES `tb_role` (`roleId`) ON DELETE CASCADE ON UPDATE CASCADE)
CRITICAL - 2021-12-20 16:54:58 --> Cannot add or update a child row: a foreign key constraint fails (`db_saver`.`tb_admin`, CONSTRAINT `tb_admin_ibfk_1` FOREIGN KEY (`roleId`) REFERENCES `tb_role` (`roleId`) ON DELETE CASCADE ON UPDATE CASCADE)
#0 /opt/lampp/htdocs/CI4APP/vendor/codeigniter4/framework/system/Database/MySQLi/Connection.php(292): mysqli->query()
#1 /opt/lampp/htdocs/CI4APP/vendor/codeigniter4/framework/system/Database/BaseConnection.php(670): CodeIgniter\Database\MySQLi\Connection->execute()
#2 /opt/lampp/htdocs/CI4APP/vendor/codeigniter4/framework/system/Database/BaseConnection.php(598): CodeIgniter\Database\BaseConnection->simpleQuery()
#3 /opt/lampp/htdocs/CI4APP/vendor/codeigniter4/framework/system/Database/BaseBuilder.php(1901): CodeIgniter\Database\BaseConnection->query()
#4 /opt/lampp/htdocs/CI4APP/app/Models/m_admin.php(47): CodeIgniter\Database\BaseBuilder->update()
#5 /opt/lampp/htdocs/CI4APP/app/Controllers/Admin.php(129): App\Models\m_admin->edit()
#6 /opt/lampp/htdocs/CI4APP/vendor/codeigniter4/framework/system/CodeIgniter.php(824): App\Controllers\admin->update()
#7 /opt/lampp/htdocs/CI4APP/vendor/codeigniter4/framework/system/CodeIgniter.php(410): CodeIgniter\CodeIgniter->runController()
#8 /opt/lampp/htdocs/CI4APP/vendor/codeigniter4/framework/system/CodeIgniter.php(318): CodeIgniter\CodeIgniter->handleRequest()
#9 /opt/lampp/htdocs/CI4APP/public/index.php(37): CodeIgniter\CodeIgniter->run()
#10 /opt/lampp/htdocs/CI4APP/vendor/codeigniter4/framework/system/Commands/Server/rewrite.php(43): require_once('/opt/lampp/htdo...')
#11 {main}
ERROR - 2021-12-20 16:55:56 --> Cannot add or update a child row: a foreign key constraint fails (`db_saver`.`tb_admin`, CONSTRAINT `tb_admin_ibfk_1` FOREIGN KEY (`roleId`) REFERENCES `tb_role` (`roleId`) ON DELETE CASCADE ON UPDATE CASCADE)
CRITICAL - 2021-12-20 16:55:56 --> Cannot add or update a child row: a foreign key constraint fails (`db_saver`.`tb_admin`, CONSTRAINT `tb_admin_ibfk_1` FOREIGN KEY (`roleId`) REFERENCES `tb_role` (`roleId`) ON DELETE CASCADE ON UPDATE CASCADE)
#0 /opt/lampp/htdocs/CI4APP/vendor/codeigniter4/framework/system/Database/MySQLi/Connection.php(292): mysqli->query()
#1 /opt/lampp/htdocs/CI4APP/vendor/codeigniter4/framework/system/Database/BaseConnection.php(670): CodeIgniter\Database\MySQLi\Connection->execute()
#2 /opt/lampp/htdocs/CI4APP/vendor/codeigniter4/framework/system/Database/BaseConnection.php(598): CodeIgniter\Database\BaseConnection->simpleQuery()
#3 /opt/lampp/htdocs/CI4APP/vendor/codeigniter4/framework/system/Database/BaseBuilder.php(1901): CodeIgniter\Database\BaseConnection->query()
#4 /opt/lampp/htdocs/CI4APP/app/Models/m_admin.php(47): CodeIgniter\Database\BaseBuilder->update()
#5 /opt/lampp/htdocs/CI4APP/app/Controllers/Admin.php(129): App\Models\m_admin->edit()
#6 /opt/lampp/htdocs/CI4APP/vendor/codeigniter4/framework/system/CodeIgniter.php(824): App\Controllers\admin->update()
#7 /opt/lampp/htdocs/CI4APP/vendor/codeigniter4/framework/system/CodeIgniter.php(410): CodeIgniter\CodeIgniter->runController()
#8 /opt/lampp/htdocs/CI4APP/vendor/codeigniter4/framework/system/CodeIgniter.php(318): CodeIgniter\CodeIgniter->handleRequest()
#9 /opt/lampp/htdocs/CI4APP/public/index.php(37): CodeIgniter\CodeIgniter->run()
#10 /opt/lampp/htdocs/CI4APP/vendor/codeigniter4/framework/system/Commands/Server/rewrite.php(43): require_once('/opt/lampp/htdo...')
#11 {main}
ERROR - 2021-12-20 16:56:18 --> Cannot add or update a child row: a foreign key constraint fails (`db_saver`.`tb_admin`, CONSTRAINT `tb_admin_ibfk_1` FOREIGN KEY (`roleId`) REFERENCES `tb_role` (`roleId`) ON DELETE CASCADE ON UPDATE CASCADE)
CRITICAL - 2021-12-20 16:56:18 --> Cannot add or update a child row: a foreign key constraint fails (`db_saver`.`tb_admin`, CONSTRAINT `tb_admin_ibfk_1` FOREIGN KEY (`roleId`) REFERENCES `tb_role` (`roleId`) ON DELETE CASCADE ON UPDATE CASCADE)
#0 /opt/lampp/htdocs/CI4APP/vendor/codeigniter4/framework/system/Database/MySQLi/Connection.php(292): mysqli->query()
#1 /opt/lampp/htdocs/CI4APP/vendor/codeigniter4/framework/system/Database/BaseConnection.php(670): CodeIgniter\Database\MySQLi\Connection->execute()
#2 /opt/lampp/htdocs/CI4APP/vendor/codeigniter4/framework/system/Database/BaseConnection.php(598): CodeIgniter\Database\BaseConnection->simpleQuery()
#3 /opt/lampp/htdocs/CI4APP/vendor/codeigniter4/framework/system/Database/BaseBuilder.php(1901): CodeIgniter\Database\BaseConnection->query()
#4 /opt/lampp/htdocs/CI4APP/app/Models/m_admin.php(47): CodeIgniter\Database\BaseBuilder->update()
#5 /opt/lampp/htdocs/CI4APP/app/Controllers/Admin.php(129): App\Models\m_admin->edit()
#6 /opt/lampp/htdocs/CI4APP/vendor/codeigniter4/framework/system/CodeIgniter.php(824): App\Controllers\admin->update()
#7 /opt/lampp/htdocs/CI4APP/vendor/codeigniter4/framework/system/CodeIgniter.php(410): CodeIgniter\CodeIgniter->runController()
#8 /opt/lampp/htdocs/CI4APP/vendor/codeigniter4/framework/system/CodeIgniter.php(318): CodeIgniter\CodeIgniter->handleRequest()
#9 /opt/lampp/htdocs/CI4APP/public/index.php(37): CodeIgniter\CodeIgniter->run()
#10 /opt/lampp/htdocs/CI4APP/vendor/codeigniter4/framework/system/Commands/Server/rewrite.php(43): require_once('/opt/lampp/htdo...')
#11 {main}
ERROR - 2021-12-20 17:00:44 --> Cannot add or update a child row: a foreign key constraint fails (`db_saver`.`tb_admin`, CONSTRAINT `tb_admin_ibfk_1` FOREIGN KEY (`roleId`) REFERENCES `tb_role` (`roleId`) ON DELETE CASCADE ON UPDATE CASCADE)
CRITICAL - 2021-12-20 17:00:44 --> Cannot add or update a child row: a foreign key constraint fails (`db_saver`.`tb_admin`, CONSTRAINT `tb_admin_ibfk_1` FOREIGN KEY (`roleId`) REFERENCES `tb_role` (`roleId`) ON DELETE CASCADE ON UPDATE CASCADE)
#0 /opt/lampp/htdocs/CI4APP/vendor/codeigniter4/framework/system/Database/MySQLi/Connection.php(292): mysqli->query()
#1 /opt/lampp/htdocs/CI4APP/vendor/codeigniter4/framework/system/Database/BaseConnection.php(670): CodeIgniter\Database\MySQLi\Connection->execute()
#2 /opt/lampp/htdocs/CI4APP/vendor/codeigniter4/framework/system/Database/BaseConnection.php(598): CodeIgniter\Database\BaseConnection->simpleQuery()
#3 /opt/lampp/htdocs/CI4APP/vendor/codeigniter4/framework/system/Database/BaseBuilder.php(1901): CodeIgniter\Database\BaseConnection->query()
#4 /opt/lampp/htdocs/CI4APP/app/Models/m_admin.php(47): CodeIgniter\Database\BaseBuilder->update()
#5 /opt/lampp/htdocs/CI4APP/app/Controllers/Admin.php(130): App\Models\m_admin->edit()
#6 /opt/lampp/htdocs/CI4APP/vendor/codeigniter4/framework/system/CodeIgniter.php(824): App\Controllers\admin->update()
#7 /opt/lampp/htdocs/CI4APP/vendor/codeigniter4/framework/system/CodeIgniter.php(410): CodeIgniter\CodeIgniter->runController()
#8 /opt/lampp/htdocs/CI4APP/vendor/codeigniter4/framework/system/CodeIgniter.php(318): CodeIgniter\CodeIgniter->handleRequest()
#9 /opt/lampp/htdocs/CI4APP/public/index.php(37): CodeIgniter\CodeIgniter->run()
#10 /opt/lampp/htdocs/CI4APP/vendor/codeigniter4/framework/system/Commands/Server/rewrite.php(43): require_once('/opt/lampp/htdo...')
#11 {main}
