CRITICAL - 2021-12-17 02:47:00 --> isLoggedIn filter must have a matching alias defined.
#0 /opt/lampp/htdocs/CI4APP/vendor/codeigniter4/framework/system/Filters/Filters.php(496): CodeIgniter\Filters\Exceptions\FilterException::forNoAlias()
#1 /opt/lampp/htdocs/CI4APP/vendor/codeigniter4/framework/system/Filters/Filters.php(243): CodeIgniter\Filters\Filters->processAliasesToClass()
#2 /opt/lampp/htdocs/CI4APP/vendor/codeigniter4/framework/system/Filters/Filters.php(163): CodeIgniter\Filters\Filters->initialize()
#3 /opt/lampp/htdocs/CI4APP/vendor/codeigniter4/framework/system/CodeIgniter.php(384): CodeIgniter\Filters\Filters->run()
#4 /opt/lampp/htdocs/CI4APP/vendor/codeigniter4/framework/system/CodeIgniter.php(318): CodeIgniter\CodeIgniter->handleRequest()
#5 /opt/lampp/htdocs/CI4APP/public/index.php(37): CodeIgniter\CodeIgniter->run()
#6 /opt/lampp/htdocs/CI4APP/vendor/codeigniter4/framework/system/Commands/Server/rewrite.php(43): require_once('/opt/lampp/htdo...')
#7 {main}
CRITICAL - 2021-12-17 02:47:33 --> isLoggedIn filter must have a matching alias defined.
#0 /opt/lampp/htdocs/CI4APP/vendor/codeigniter4/framework/system/Filters/Filters.php(496): CodeIgniter\Filters\Exceptions\FilterException::forNoAlias()
#1 /opt/lampp/htdocs/CI4APP/vendor/codeigniter4/framework/system/Filters/Filters.php(243): CodeIgniter\Filters\Filters->processAliasesToClass()
#2 /opt/lampp/htdocs/CI4APP/vendor/codeigniter4/framework/system/Filters/Filters.php(163): CodeIgniter\Filters\Filters->initialize()
#3 /opt/lampp/htdocs/CI4APP/vendor/codeigniter4/framework/system/CodeIgniter.php(384): CodeIgniter\Filters\Filters->run()
#4 /opt/lampp/htdocs/CI4APP/vendor/codeigniter4/framework/system/CodeIgniter.php(318): CodeIgniter\CodeIgniter->handleRequest()
#5 /opt/lampp/htdocs/CI4APP/public/index.php(37): CodeIgniter\CodeIgniter->run()
#6 /opt/lampp/htdocs/CI4APP/vendor/codeigniter4/framework/system/Commands/Server/rewrite.php(43): require_once('/opt/lampp/htdo...')
#7 {main}
CRITICAL - 2021-12-17 02:51:00 --> isLoggedIn filter must have a matching alias defined.
#0 /opt/lampp/htdocs/CI4APP/vendor/codeigniter4/framework/system/Filters/Filters.php(496): CodeIgniter\Filters\Exceptions\FilterException::forNoAlias()
#1 /opt/lampp/htdocs/CI4APP/vendor/codeigniter4/framework/system/Filters/Filters.php(243): CodeIgniter\Filters\Filters->processAliasesToClass()
#2 /opt/lampp/htdocs/CI4APP/vendor/codeigniter4/framework/system/Filters/Filters.php(163): CodeIgniter\Filters\Filters->initialize()
#3 /opt/lampp/htdocs/CI4APP/vendor/codeigniter4/framework/system/CodeIgniter.php(384): CodeIgniter\Filters\Filters->run()
#4 /opt/lampp/htdocs/CI4APP/vendor/codeigniter4/framework/system/CodeIgniter.php(318): CodeIgniter\CodeIgniter->handleRequest()
#5 /opt/lampp/htdocs/CI4APP/public/index.php(37): CodeIgniter\CodeIgniter->run()
#6 /opt/lampp/htdocs/CI4APP/vendor/codeigniter4/framework/system/Commands/Server/rewrite.php(43): require_once('/opt/lampp/htdo...')
#7 {main}
CRITICAL - 2021-12-17 02:51:55 --> isLoggedIn filter must have a matching alias defined.
#0 /opt/lampp/htdocs/CI4APP/vendor/codeigniter4/framework/system/Filters/Filters.php(496): CodeIgniter\Filters\Exceptions\FilterException::forNoAlias()
#1 /opt/lampp/htdocs/CI4APP/vendor/codeigniter4/framework/system/Filters/Filters.php(243): CodeIgniter\Filters\Filters->processAliasesToClass()
#2 /opt/lampp/htdocs/CI4APP/vendor/codeigniter4/framework/system/Filters/Filters.php(163): CodeIgniter\Filters\Filters->initialize()
#3 /opt/lampp/htdocs/CI4APP/vendor/codeigniter4/framework/system/CodeIgniter.php(384): CodeIgniter\Filters\Filters->run()
#4 /opt/lampp/htdocs/CI4APP/vendor/codeigniter4/framework/system/CodeIgniter.php(318): CodeIgniter\CodeIgniter->handleRequest()
#5 /opt/lampp/htdocs/CI4APP/public/index.php(37): CodeIgniter\CodeIgniter->run()
#6 /opt/lampp/htdocs/CI4APP/vendor/codeigniter4/framework/system/Commands/Server/rewrite.php(43): require_once('/opt/lampp/htdo...')
#7 {main}
CRITICAL - 2021-12-17 02:51:58 --> isLoggedIn filter must have a matching alias defined.
#0 /opt/lampp/htdocs/CI4APP/vendor/codeigniter4/framework/system/Filters/Filters.php(496): CodeIgniter\Filters\Exceptions\FilterException::forNoAlias()
#1 /opt/lampp/htdocs/CI4APP/vendor/codeigniter4/framework/system/Filters/Filters.php(243): CodeIgniter\Filters\Filters->processAliasesToClass()
#2 /opt/lampp/htdocs/CI4APP/vendor/codeigniter4/framework/system/Filters/Filters.php(163): CodeIgniter\Filters\Filters->initialize()
#3 /opt/lampp/htdocs/CI4APP/vendor/codeigniter4/framework/system/CodeIgniter.php(384): CodeIgniter\Filters\Filters->run()
#4 /opt/lampp/htdocs/CI4APP/vendor/codeigniter4/framework/system/CodeIgniter.php(318): CodeIgniter\CodeIgniter->handleRequest()
#5 /opt/lampp/htdocs/CI4APP/public/index.php(37): CodeIgniter\CodeIgniter->run()
#6 /opt/lampp/htdocs/CI4APP/vendor/codeigniter4/framework/system/Commands/Server/rewrite.php(43): require_once('/opt/lampp/htdo...')
#7 {main}
CRITICAL - 2021-12-17 03:12:23 --> isLoggedIn filter must have a matching alias defined.
#0 /opt/lampp/htdocs/CI4APP/vendor/codeigniter4/framework/system/Filters/Filters.php(496): CodeIgniter\Filters\Exceptions\FilterException::forNoAlias()
#1 /opt/lampp/htdocs/CI4APP/vendor/codeigniter4/framework/system/Filters/Filters.php(243): CodeIgniter\Filters\Filters->processAliasesToClass()
#2 /opt/lampp/htdocs/CI4APP/vendor/codeigniter4/framework/system/Filters/Filters.php(163): CodeIgniter\Filters\Filters->initialize()
#3 /opt/lampp/htdocs/CI4APP/vendor/codeigniter4/framework/system/CodeIgniter.php(384): CodeIgniter\Filters\Filters->run()
#4 /opt/lampp/htdocs/CI4APP/vendor/codeigniter4/framework/system/CodeIgniter.php(318): CodeIgniter\CodeIgniter->handleRequest()
#5 /opt/lampp/htdocs/CI4APP/public/index.php(37): CodeIgniter\CodeIgniter->run()
#6 /opt/lampp/htdocs/CI4APP/vendor/codeigniter4/framework/system/Commands/Server/rewrite.php(43): require_once('/opt/lampp/htdo...')
#7 {main}
CRITICAL - 2021-12-17 15:11:02 --> Undefined variable: nama
#0 /opt/lampp/htdocs/CI4APP/app/Views/templates/sidebar.php(17): CodeIgniter\Debug\Exceptions->errorHandler()
#1 /opt/lampp/htdocs/CI4APP/vendor/codeigniter4/framework/system/View/View.php(214): include('/opt/lampp/htdo...')
#2 /opt/lampp/htdocs/CI4APP/vendor/codeigniter4/framework/system/View/View.php(217): CodeIgniter\View\View->CodeIgniter\View\{closure}()
#3 /opt/lampp/htdocs/CI4APP/vendor/codeigniter4/framework/system/Common.php(1097): CodeIgniter\View\View->render()
#4 /opt/lampp/htdocs/CI4APP/app/Controllers/Admin.php(25): view()
#5 /opt/lampp/htdocs/CI4APP/vendor/codeigniter4/framework/system/CodeIgniter.php(824): App\Controllers\admin->index()
#6 /opt/lampp/htdocs/CI4APP/vendor/codeigniter4/framework/system/CodeIgniter.php(410): CodeIgniter\CodeIgniter->runController()
#7 /opt/lampp/htdocs/CI4APP/vendor/codeigniter4/framework/system/CodeIgniter.php(318): CodeIgniter\CodeIgniter->handleRequest()
#8 /opt/lampp/htdocs/CI4APP/public/index.php(37): CodeIgniter\CodeIgniter->run()
#9 /opt/lampp/htdocs/CI4APP/vendor/codeigniter4/framework/system/Commands/Server/rewrite.php(43): require_once('/opt/lampp/htdo...')
#10 {main}
CRITICAL - 2021-12-17 15:17:58 --> syntax error, unexpected '}', expecting end of file
#0 /opt/lampp/htdocs/CI4APP/vendor/codeigniter4/framework/system/Router/Router.php(176): CodeIgniter\Router\Router->autoRoute()
#1 /opt/lampp/htdocs/CI4APP/vendor/codeigniter4/framework/system/CodeIgniter.php(718): CodeIgniter\Router\Router->handle()
#2 /opt/lampp/htdocs/CI4APP/vendor/codeigniter4/framework/system/CodeIgniter.php(359): CodeIgniter\CodeIgniter->tryToRouteIt()
#3 /opt/lampp/htdocs/CI4APP/vendor/codeigniter4/framework/system/CodeIgniter.php(318): CodeIgniter\CodeIgniter->handleRequest()
#4 /opt/lampp/htdocs/CI4APP/public/index.php(37): CodeIgniter\CodeIgniter->run()
#5 /opt/lampp/htdocs/CI4APP/vendor/codeigniter4/framework/system/Commands/Server/rewrite.php(43): require_once('/opt/lampp/htdo...')
#6 {main}
CRITICAL - 2021-12-17 15:19:09 --> Undefined index: password
#0 /opt/lampp/htdocs/CI4APP/app/Views/admin/preview.php(40): CodeIgniter\Debug\Exceptions->errorHandler()
#1 /opt/lampp/htdocs/CI4APP/vendor/codeigniter4/framework/system/View/View.php(214): include('/opt/lampp/htdo...')
#2 /opt/lampp/htdocs/CI4APP/vendor/codeigniter4/framework/system/View/View.php(217): CodeIgniter\View\View->CodeIgniter\View\{closure}()
#3 /opt/lampp/htdocs/CI4APP/vendor/codeigniter4/framework/system/Common.php(1097): CodeIgniter\View\View->render()
#4 /opt/lampp/htdocs/CI4APP/app/Controllers/Admin.php(152): view()
#5 /opt/lampp/htdocs/CI4APP/vendor/codeigniter4/framework/system/CodeIgniter.php(824): App\Controllers\admin->preview()
#6 /opt/lampp/htdocs/CI4APP/vendor/codeigniter4/framework/system/CodeIgniter.php(410): CodeIgniter\CodeIgniter->runController()
#7 /opt/lampp/htdocs/CI4APP/vendor/codeigniter4/framework/system/CodeIgniter.php(318): CodeIgniter\CodeIgniter->handleRequest()
#8 /opt/lampp/htdocs/CI4APP/public/index.php(37): CodeIgniter\CodeIgniter->run()
#9 /opt/lampp/htdocs/CI4APP/vendor/codeigniter4/framework/system/Commands/Server/rewrite.php(43): require_once('/opt/lampp/htdo...')
#10 {main}
CRITICAL - 2021-12-17 15:43:48 --> syntax error, unexpected 'if' (T_IF)
#0 /opt/lampp/htdocs/CI4APP/vendor/codeigniter4/framework/system/CodeIgniter.php(359): CodeIgniter\CodeIgniter->tryToRouteIt()
#1 /opt/lampp/htdocs/CI4APP/vendor/codeigniter4/framework/system/CodeIgniter.php(318): CodeIgniter\CodeIgniter->handleRequest()
#2 /opt/lampp/htdocs/CI4APP/public/index.php(37): CodeIgniter\CodeIgniter->run()
#3 /opt/lampp/htdocs/CI4APP/vendor/codeigniter4/framework/system/Commands/Server/rewrite.php(43): require_once('/opt/lampp/htdo...')
#4 {main}
CRITICAL - 2021-12-17 15:47:38 --> Class 'Config\login' not found
#0 /opt/lampp/htdocs/CI4APP/vendor/codeigniter4/framework/system/CodeIgniter.php(384): CodeIgniter\Filters\Filters->run()
#1 /opt/lampp/htdocs/CI4APP/vendor/codeigniter4/framework/system/CodeIgniter.php(318): CodeIgniter\CodeIgniter->handleRequest()
#2 /opt/lampp/htdocs/CI4APP/public/index.php(37): CodeIgniter\CodeIgniter->run()
#3 /opt/lampp/htdocs/CI4APP/vendor/codeigniter4/framework/system/Commands/Server/rewrite.php(43): require_once('/opt/lampp/htdo...')
#4 {main}
CRITICAL - 2021-12-17 15:48:33 --> Class 'Config\login' not found
#0 /opt/lampp/htdocs/CI4APP/vendor/codeigniter4/framework/system/CodeIgniter.php(384): CodeIgniter\Filters\Filters->run()
#1 /opt/lampp/htdocs/CI4APP/vendor/codeigniter4/framework/system/CodeIgniter.php(318): CodeIgniter\CodeIgniter->handleRequest()
#2 /opt/lampp/htdocs/CI4APP/public/index.php(37): CodeIgniter\CodeIgniter->run()
#3 /opt/lampp/htdocs/CI4APP/vendor/codeigniter4/framework/system/Commands/Server/rewrite.php(43): require_once('/opt/lampp/htdo...')
#4 {main}
CRITICAL - 2021-12-17 15:49:29 --> syntax error, unexpected 'class' (T_CLASS), expecting ';' or ','
#0 /opt/lampp/htdocs/CI4APP/vendor/codeigniter4/framework/system/Autoloader/Autoloader.php(241): CodeIgniter\Autoloader\Autoloader->includeFile()
#1 /opt/lampp/htdocs/CI4APP/vendor/codeigniter4/framework/system/Autoloader/Autoloader.php(219): CodeIgniter\Autoloader\Autoloader->loadInNamespace()
#2 [internal function]: CodeIgniter\Autoloader\Autoloader->loadClass()
#3 [internal function]: spl_autoload_call()
#4 /opt/lampp/htdocs/CI4APP/vendor/codeigniter4/framework/system/Config/Factories.php(136): class_exists()
#5 /opt/lampp/htdocs/CI4APP/vendor/codeigniter4/framework/system/Config/Factories.php(106): CodeIgniter\Config\Factories::locateClass()
#6 /opt/lampp/htdocs/CI4APP/vendor/codeigniter4/framework/system/Common.php(198): CodeIgniter\Config\Factories::__callStatic()
#7 /opt/lampp/htdocs/CI4APP/vendor/codeigniter4/framework/system/Config/Services.php(258): config()
#8 /opt/lampp/htdocs/CI4APP/vendor/codeigniter4/framework/system/Config/BaseService.php(248): CodeIgniter\Config\Services::filters()
#9 /opt/lampp/htdocs/CI4APP/vendor/codeigniter4/framework/system/Config/BaseService.php(189): CodeIgniter\Config\BaseService::__callStatic()
#10 /opt/lampp/htdocs/CI4APP/vendor/codeigniter4/framework/system/Config/Services.php(255): CodeIgniter\Config\BaseService::getSharedInstance()
#11 /opt/lampp/htdocs/CI4APP/vendor/codeigniter4/framework/system/Config/BaseService.php(248): CodeIgniter\Config\Services::filters()
#12 /opt/lampp/htdocs/CI4APP/vendor/codeigniter4/framework/system/CodeIgniter.php(364): CodeIgniter\Config\BaseService::__callStatic()
#13 /opt/lampp/htdocs/CI4APP/vendor/codeigniter4/framework/system/CodeIgniter.php(318): CodeIgniter\CodeIgniter->handleRequest()
#14 /opt/lampp/htdocs/CI4APP/public/index.php(37): CodeIgniter\CodeIgniter->run()
#15 /opt/lampp/htdocs/CI4APP/vendor/codeigniter4/framework/system/Commands/Server/rewrite.php(43): require_once('/opt/lampp/htdo...')
#16 {main}
CRITICAL - 2021-12-17 15:49:33 --> syntax error, unexpected 'class' (T_CLASS), expecting ';' or ','
#0 /opt/lampp/htdocs/CI4APP/vendor/codeigniter4/framework/system/Autoloader/Autoloader.php(241): CodeIgniter\Autoloader\Autoloader->includeFile()
#1 /opt/lampp/htdocs/CI4APP/vendor/codeigniter4/framework/system/Autoloader/Autoloader.php(219): CodeIgniter\Autoloader\Autoloader->loadInNamespace()
#2 [internal function]: CodeIgniter\Autoloader\Autoloader->loadClass()
#3 [internal function]: spl_autoload_call()
#4 /opt/lampp/htdocs/CI4APP/vendor/codeigniter4/framework/system/Config/Factories.php(136): class_exists()
#5 /opt/lampp/htdocs/CI4APP/vendor/codeigniter4/framework/system/Config/Factories.php(106): CodeIgniter\Config\Factories::locateClass()
#6 /opt/lampp/htdocs/CI4APP/vendor/codeigniter4/framework/system/Common.php(198): CodeIgniter\Config\Factories::__callStatic()
#7 /opt/lampp/htdocs/CI4APP/vendor/codeigniter4/framework/system/Config/Services.php(258): config()
#8 /opt/lampp/htdocs/CI4APP/vendor/codeigniter4/framework/system/Config/BaseService.php(248): CodeIgniter\Config\Services::filters()
#9 /opt/lampp/htdocs/CI4APP/vendor/codeigniter4/framework/system/Config/BaseService.php(189): CodeIgniter\Config\BaseService::__callStatic()
#10 /opt/lampp/htdocs/CI4APP/vendor/codeigniter4/framework/system/Config/Services.php(255): CodeIgniter\Config\BaseService::getSharedInstance()
#11 /opt/lampp/htdocs/CI4APP/vendor/codeigniter4/framework/system/Config/BaseService.php(248): CodeIgniter\Config\Services::filters()
#12 /opt/lampp/htdocs/CI4APP/vendor/codeigniter4/framework/system/CodeIgniter.php(364): CodeIgniter\Config\BaseService::__callStatic()
#13 /opt/lampp/htdocs/CI4APP/vendor/codeigniter4/framework/system/CodeIgniter.php(318): CodeIgniter\CodeIgniter->handleRequest()
#14 /opt/lampp/htdocs/CI4APP/public/index.php(37): CodeIgniter\CodeIgniter->run()
#15 /opt/lampp/htdocs/CI4APP/vendor/codeigniter4/framework/system/Commands/Server/rewrite.php(43): require_once('/opt/lampp/htdo...')
#16 {main}
CRITICAL - 2021-12-17 15:49:51 --> syntax error, unexpected 'class' (T_CLASS), expecting ';' or ','
#0 /opt/lampp/htdocs/CI4APP/vendor/codeigniter4/framework/system/Autoloader/Autoloader.php(241): CodeIgniter\Autoloader\Autoloader->includeFile()
#1 /opt/lampp/htdocs/CI4APP/vendor/codeigniter4/framework/system/Autoloader/Autoloader.php(219): CodeIgniter\Autoloader\Autoloader->loadInNamespace()
#2 [internal function]: CodeIgniter\Autoloader\Autoloader->loadClass()
#3 [internal function]: spl_autoload_call()
#4 /opt/lampp/htdocs/CI4APP/vendor/codeigniter4/framework/system/Config/Factories.php(136): class_exists()
#5 /opt/lampp/htdocs/CI4APP/vendor/codeigniter4/framework/system/Config/Factories.php(106): CodeIgniter\Config\Factories::locateClass()
#6 /opt/lampp/htdocs/CI4APP/vendor/codeigniter4/framework/system/Common.php(198): CodeIgniter\Config\Factories::__callStatic()
#7 /opt/lampp/htdocs/CI4APP/vendor/codeigniter4/framework/system/Config/Services.php(258): config()
#8 /opt/lampp/htdocs/CI4APP/vendor/codeigniter4/framework/system/Config/BaseService.php(248): CodeIgniter\Config\Services::filters()
#9 /opt/lampp/htdocs/CI4APP/vendor/codeigniter4/framework/system/Config/BaseService.php(189): CodeIgniter\Config\BaseService::__callStatic()
#10 /opt/lampp/htdocs/CI4APP/vendor/codeigniter4/framework/system/Config/Services.php(255): CodeIgniter\Config\BaseService::getSharedInstance()
#11 /opt/lampp/htdocs/CI4APP/vendor/codeigniter4/framework/system/Config/BaseService.php(248): CodeIgniter\Config\Services::filters()
#12 /opt/lampp/htdocs/CI4APP/vendor/codeigniter4/framework/system/CodeIgniter.php(364): CodeIgniter\Config\BaseService::__callStatic()
#13 /opt/lampp/htdocs/CI4APP/vendor/codeigniter4/framework/system/CodeIgniter.php(318): CodeIgniter\CodeIgniter->handleRequest()
#14 /opt/lampp/htdocs/CI4APP/public/index.php(37): CodeIgniter\CodeIgniter->run()
#15 /opt/lampp/htdocs/CI4APP/vendor/codeigniter4/framework/system/Commands/Server/rewrite.php(43): require_once('/opt/lampp/htdo...')
#16 {main}
CRITICAL - 2021-12-17 15:49:55 --> syntax error, unexpected 'class' (T_CLASS), expecting ';' or ','
#0 /opt/lampp/htdocs/CI4APP/vendor/codeigniter4/framework/system/Autoloader/Autoloader.php(241): CodeIgniter\Autoloader\Autoloader->includeFile()
#1 /opt/lampp/htdocs/CI4APP/vendor/codeigniter4/framework/system/Autoloader/Autoloader.php(219): CodeIgniter\Autoloader\Autoloader->loadInNamespace()
#2 [internal function]: CodeIgniter\Autoloader\Autoloader->loadClass()
#3 [internal function]: spl_autoload_call()
#4 /opt/lampp/htdocs/CI4APP/vendor/codeigniter4/framework/system/Config/Factories.php(136): class_exists()
#5 /opt/lampp/htdocs/CI4APP/vendor/codeigniter4/framework/system/Config/Factories.php(106): CodeIgniter\Config\Factories::locateClass()
#6 /opt/lampp/htdocs/CI4APP/vendor/codeigniter4/framework/system/Common.php(198): CodeIgniter\Config\Factories::__callStatic()
#7 /opt/lampp/htdocs/CI4APP/vendor/codeigniter4/framework/system/Config/Services.php(258): config()
#8 /opt/lampp/htdocs/CI4APP/vendor/codeigniter4/framework/system/Config/BaseService.php(248): CodeIgniter\Config\Services::filters()
#9 /opt/lampp/htdocs/CI4APP/vendor/codeigniter4/framework/system/Config/BaseService.php(189): CodeIgniter\Config\BaseService::__callStatic()
#10 /opt/lampp/htdocs/CI4APP/vendor/codeigniter4/framework/system/Config/Services.php(255): CodeIgniter\Config\BaseService::getSharedInstance()
#11 /opt/lampp/htdocs/CI4APP/vendor/codeigniter4/framework/system/Config/BaseService.php(248): CodeIgniter\Config\Services::filters()
#12 /opt/lampp/htdocs/CI4APP/vendor/codeigniter4/framework/system/CodeIgniter.php(364): CodeIgniter\Config\BaseService::__callStatic()
#13 /opt/lampp/htdocs/CI4APP/vendor/codeigniter4/framework/system/CodeIgniter.php(318): CodeIgniter\CodeIgniter->handleRequest()
#14 /opt/lampp/htdocs/CI4APP/public/index.php(37): CodeIgniter\CodeIgniter->run()
#15 /opt/lampp/htdocs/CI4APP/vendor/codeigniter4/framework/system/Commands/Server/rewrite.php(43): require_once('/opt/lampp/htdo...')
#16 {main}
CRITICAL - 2021-12-17 15:50:09 --> syntax error, unexpected ']', expecting function (T_FUNCTION) or const (T_CONST)
#0 /opt/lampp/htdocs/CI4APP/vendor/codeigniter4/framework/system/Autoloader/Autoloader.php(241): CodeIgniter\Autoloader\Autoloader->includeFile()
#1 /opt/lampp/htdocs/CI4APP/vendor/codeigniter4/framework/system/Autoloader/Autoloader.php(219): CodeIgniter\Autoloader\Autoloader->loadInNamespace()
#2 [internal function]: CodeIgniter\Autoloader\Autoloader->loadClass()
#3 [internal function]: spl_autoload_call()
#4 /opt/lampp/htdocs/CI4APP/vendor/codeigniter4/framework/system/Config/Factories.php(136): class_exists()
#5 /opt/lampp/htdocs/CI4APP/vendor/codeigniter4/framework/system/Config/Factories.php(106): CodeIgniter\Config\Factories::locateClass()
#6 /opt/lampp/htdocs/CI4APP/vendor/codeigniter4/framework/system/Common.php(198): CodeIgniter\Config\Factories::__callStatic()
#7 /opt/lampp/htdocs/CI4APP/vendor/codeigniter4/framework/system/Config/Services.php(258): config()
#8 /opt/lampp/htdocs/CI4APP/vendor/codeigniter4/framework/system/Config/BaseService.php(248): CodeIgniter\Config\Services::filters()
#9 /opt/lampp/htdocs/CI4APP/vendor/codeigniter4/framework/system/Config/BaseService.php(189): CodeIgniter\Config\BaseService::__callStatic()
#10 /opt/lampp/htdocs/CI4APP/vendor/codeigniter4/framework/system/Config/Services.php(255): CodeIgniter\Config\BaseService::getSharedInstance()
#11 /opt/lampp/htdocs/CI4APP/vendor/codeigniter4/framework/system/Config/BaseService.php(248): CodeIgniter\Config\Services::filters()
#12 /opt/lampp/htdocs/CI4APP/vendor/codeigniter4/framework/system/CodeIgniter.php(364): CodeIgniter\Config\BaseService::__callStatic()
#13 /opt/lampp/htdocs/CI4APP/vendor/codeigniter4/framework/system/CodeIgniter.php(318): CodeIgniter\CodeIgniter->handleRequest()
#14 /opt/lampp/htdocs/CI4APP/public/index.php(37): CodeIgniter\CodeIgniter->run()
#15 /opt/lampp/htdocs/CI4APP/vendor/codeigniter4/framework/system/Commands/Server/rewrite.php(43): require_once('/opt/lampp/htdo...')
#16 {main}
CRITICAL - 2021-12-17 15:50:24 --> Cannot declare class Config\Filters because the name is already in use
#0 [internal function]: CodeIgniter\Debug\Exceptions->shutdownHandler()
#1 {main}
CRITICAL - 2021-12-17 15:51:43 --> Class 'Config\login' not found
#0 /opt/lampp/htdocs/CI4APP/vendor/codeigniter4/framework/system/CodeIgniter.php(384): CodeIgniter\Filters\Filters->run()
#1 /opt/lampp/htdocs/CI4APP/vendor/codeigniter4/framework/system/CodeIgniter.php(318): CodeIgniter\CodeIgniter->handleRequest()
#2 /opt/lampp/htdocs/CI4APP/public/index.php(37): CodeIgniter\CodeIgniter->run()
#3 /opt/lampp/htdocs/CI4APP/vendor/codeigniter4/framework/system/Commands/Server/rewrite.php(43): require_once('/opt/lampp/htdo...')
#4 {main}
CRITICAL - 2021-12-17 16:00:42 --> Class 'Config\login' not found
#0 /opt/lampp/htdocs/CI4APP/vendor/codeigniter4/framework/system/CodeIgniter.php(384): CodeIgniter\Filters\Filters->run()
#1 /opt/lampp/htdocs/CI4APP/vendor/codeigniter4/framework/system/CodeIgniter.php(318): CodeIgniter\CodeIgniter->handleRequest()
#2 /opt/lampp/htdocs/CI4APP/public/index.php(37): CodeIgniter\CodeIgniter->run()
#3 /opt/lampp/htdocs/CI4APP/vendor/codeigniter4/framework/system/Commands/Server/rewrite.php(43): require_once('/opt/lampp/htdo...')
#4 {main}
CRITICAL - 2021-12-17 16:07:15 --> Class 'Config\login' not found
#0 /opt/lampp/htdocs/CI4APP/vendor/codeigniter4/framework/system/CodeIgniter.php(384): CodeIgniter\Filters\Filters->run()
#1 /opt/lampp/htdocs/CI4APP/vendor/codeigniter4/framework/system/CodeIgniter.php(318): CodeIgniter\CodeIgniter->handleRequest()
#2 /opt/lampp/htdocs/CI4APP/public/index.php(37): CodeIgniter\CodeIgniter->run()
#3 /opt/lampp/htdocs/CI4APP/vendor/codeigniter4/framework/system/Commands/Server/rewrite.php(43): require_once('/opt/lampp/htdo...')
#4 {main}
CRITICAL - 2021-12-17 16:15:39 --> syntax error, unexpected 'if' (T_IF)
#0 /opt/lampp/htdocs/CI4APP/vendor/codeigniter4/framework/system/CodeIgniter.php(359): CodeIgniter\CodeIgniter->tryToRouteIt()
#1 /opt/lampp/htdocs/CI4APP/vendor/codeigniter4/framework/system/CodeIgniter.php(318): CodeIgniter\CodeIgniter->handleRequest()
#2 /opt/lampp/htdocs/CI4APP/public/index.php(37): CodeIgniter\CodeIgniter->run()
#3 /opt/lampp/htdocs/CI4APP/vendor/codeigniter4/framework/system/Commands/Server/rewrite.php(43): require_once('/opt/lampp/htdo...')
#4 {main}
CRITICAL - 2021-12-17 16:15:59 --> syntax error, unexpected 'if' (T_IF)
#0 /opt/lampp/htdocs/CI4APP/vendor/codeigniter4/framework/system/CodeIgniter.php(359): CodeIgniter\CodeIgniter->tryToRouteIt()
#1 /opt/lampp/htdocs/CI4APP/vendor/codeigniter4/framework/system/CodeIgniter.php(318): CodeIgniter\CodeIgniter->handleRequest()
#2 /opt/lampp/htdocs/CI4APP/public/index.php(37): CodeIgniter\CodeIgniter->run()
#3 /opt/lampp/htdocs/CI4APP/vendor/codeigniter4/framework/system/Commands/Server/rewrite.php(43): require_once('/opt/lampp/htdo...')
#4 {main}
