CRITICAL - 2022-02-01 01:07:25 --> openssl_encrypt() expects parameter 1 to be string, array given
#0 [internal function]: CodeIgniter\Debug\Exceptions->errorHandler(2, 'openssl_encrypt...', 'C:\\xampp\\htdocs...', 51, Array)
#1 C:\xampp\htdocs\tabungan-santri\app\Controllers\Admin.php(51): openssl_encrypt(Array, 'aes-256-cbc', '1234567890', 1, '\x00\x00\x00\x00\x00\x00\x00\x00\x00\x00\x00\x00\x00\x00\x00...')
#2 C:\xampp\htdocs\tabungan-santri\vendor\codeigniter4\framework\system\CodeIgniter.php(824): App\Controllers\admin->simpan()
#3 C:\xampp\htdocs\tabungan-santri\vendor\codeigniter4\framework\system\CodeIgniter.php(410): CodeIgniter\CodeIgniter->runController(Object(App\Controllers\admin))
#4 C:\xampp\htdocs\tabungan-santri\vendor\codeigniter4\framework\system\CodeIgniter.php(318): CodeIgniter\CodeIgniter->handleRequest(NULL, Object(Config\Cache), false)
#5 C:\xampp\htdocs\tabungan-santri\public\index.php(37): CodeIgniter\CodeIgniter->run()
#6 C:\xampp\htdocs\tabungan-santri\vendor\codeigniter4\framework\system\Commands\Server\rewrite.php(43): require_once('C:\\xampp\\htdocs...')
#7 {main}
ERROR - 2022-02-01 01:26:49 --> Duplicate entry '0' for key 'PRIMARY'
CRITICAL - 2022-02-01 01:26:49 --> Duplicate entry '0' for key 'PRIMARY'
#0 C:\xampp\htdocs\tabungan-santri\vendor\codeigniter4\framework\system\Database\MySQLi\Connection.php(292): mysqli->query('INSERT INTO `tb...', 0)
#1 C:\xampp\htdocs\tabungan-santri\vendor\codeigniter4\framework\system\Database\BaseConnection.php(670): CodeIgniter\Database\MySQLi\Connection->execute('INSERT INTO `tb...')
#2 C:\xampp\htdocs\tabungan-santri\vendor\codeigniter4\framework\system\Database\BaseConnection.php(598): CodeIgniter\Database\BaseConnection->simpleQuery('INSERT INTO `tb...')
#3 C:\xampp\htdocs\tabungan-santri\vendor\codeigniter4\framework\system\Database\BaseBuilder.php(1759): CodeIgniter\Database\BaseConnection->query('INSERT INTO `tb...', Array, false)
#4 C:\xampp\htdocs\tabungan-santri\app\Models\m_admin.php(35): CodeIgniter\Database\BaseBuilder->insert(Array)
#5 C:\xampp\htdocs\tabungan-santri\app\Controllers\Admin.php(63): App\Models\m_admin->simpan(Array)
#6 C:\xampp\htdocs\tabungan-santri\vendor\codeigniter4\framework\system\CodeIgniter.php(824): App\Controllers\admin->simpan()
#7 C:\xampp\htdocs\tabungan-santri\vendor\codeigniter4\framework\system\CodeIgniter.php(410): CodeIgniter\CodeIgniter->runController(Object(App\Controllers\admin))
#8 C:\xampp\htdocs\tabungan-santri\vendor\codeigniter4\framework\system\CodeIgniter.php(318): CodeIgniter\CodeIgniter->handleRequest(NULL, Object(Config\Cache), false)
#9 C:\xampp\htdocs\tabungan-santri\public\index.php(37): CodeIgniter\CodeIgniter->run()
#10 C:\xampp\htdocs\tabungan-santri\vendor\codeigniter4\framework\system\Commands\Server\rewrite.php(43): require_once('C:\\xampp\\htdocs...')
#11 {main}
ERROR - 2022-02-01 01:27:08 --> Duplicate entry '0' for key 'PRIMARY'
CRITICAL - 2022-02-01 01:27:08 --> Duplicate entry '0' for key 'PRIMARY'
#0 C:\xampp\htdocs\tabungan-santri\vendor\codeigniter4\framework\system\Database\MySQLi\Connection.php(292): mysqli->query('INSERT INTO `tb...', 0)
#1 C:\xampp\htdocs\tabungan-santri\vendor\codeigniter4\framework\system\Database\BaseConnection.php(670): CodeIgniter\Database\MySQLi\Connection->execute('INSERT INTO `tb...')
#2 C:\xampp\htdocs\tabungan-santri\vendor\codeigniter4\framework\system\Database\BaseConnection.php(598): CodeIgniter\Database\BaseConnection->simpleQuery('INSERT INTO `tb...')
#3 C:\xampp\htdocs\tabungan-santri\vendor\codeigniter4\framework\system\Database\BaseBuilder.php(1759): CodeIgniter\Database\BaseConnection->query('INSERT INTO `tb...', Array, false)
#4 C:\xampp\htdocs\tabungan-santri\app\Models\m_admin.php(35): CodeIgniter\Database\BaseBuilder->insert(Array)
#5 C:\xampp\htdocs\tabungan-santri\app\Controllers\Admin.php(63): App\Models\m_admin->simpan(Array)
#6 C:\xampp\htdocs\tabungan-santri\vendor\codeigniter4\framework\system\CodeIgniter.php(824): App\Controllers\admin->simpan()
#7 C:\xampp\htdocs\tabungan-santri\vendor\codeigniter4\framework\system\CodeIgniter.php(410): CodeIgniter\CodeIgniter->runController(Object(App\Controllers\admin))
#8 C:\xampp\htdocs\tabungan-santri\vendor\codeigniter4\framework\system\CodeIgniter.php(318): CodeIgniter\CodeIgniter->handleRequest(NULL, Object(Config\Cache), false)
#9 C:\xampp\htdocs\tabungan-santri\public\index.php(37): CodeIgniter\CodeIgniter->run()
#10 C:\xampp\htdocs\tabungan-santri\vendor\codeigniter4\framework\system\Commands\Server\rewrite.php(43): require_once('C:\\xampp\\htdocs...')
#11 {main}
