CRITICAL - 2021-12-31 18:34:39 --> Undefined property: App\Controllers\nasabah::$roles
#0 /home/manuruli/tabungan.manuruliman-clp.sch.id/app/Controllers/Nasabah.php(97): CodeIgniter\Debug\Exceptions->errorHandler()
#1 /home/manuruli/tabungan.manuruliman-clp.sch.id/vendor/codeigniter4/framework/system/CodeIgniter.php(824): App\Controllers\nasabah->edit()
#2 /home/manuruli/tabungan.manuruliman-clp.sch.id/vendor/codeigniter4/framework/system/CodeIgniter.php(410): CodeIgniter\CodeIgniter->runController()
#3 /home/manuruli/tabungan.manuruliman-clp.sch.id/vendor/codeigniter4/framework/system/CodeIgniter.php(318): CodeIgniter\CodeIgniter->handleRequest()
#4 /home/manuruli/public_html/tabungan/index.php(37): CodeIgniter\CodeIgniter->run()
#5 {main}
CRITICAL - 2021-12-31 18:38:20 --> Undefined property: App\Controllers\nasabah::$role
#0 /home/manuruli/tabungan.manuruliman-clp.sch.id/app/Controllers/Nasabah.php(97): CodeIgniter\Debug\Exceptions->errorHandler()
#1 /home/manuruli/tabungan.manuruliman-clp.sch.id/vendor/codeigniter4/framework/system/CodeIgniter.php(824): App\Controllers\nasabah->edit()
#2 /home/manuruli/tabungan.manuruliman-clp.sch.id/vendor/codeigniter4/framework/system/CodeIgniter.php(410): CodeIgniter\CodeIgniter->runController()
#3 /home/manuruli/tabungan.manuruliman-clp.sch.id/vendor/codeigniter4/framework/system/CodeIgniter.php(318): CodeIgniter\CodeIgniter->handleRequest()
#4 /home/manuruli/public_html/tabungan/index.php(37): CodeIgniter\CodeIgniter->run()
#5 {main}
CRITICAL - 2021-12-31 20:10:35 --> You must set the database table to be used with your query.
#0 /home/manuruli/tabungan.manuruliman-clp.sch.id/vendor/codeigniter4/framework/system/Model.php(545): CodeIgniter\Database\BaseConnection->table()
#1 /home/manuruli/tabungan.manuruliman-clp.sch.id/vendor/codeigniter4/framework/system/Model.php(717): CodeIgniter\Model->builder()
#2 /home/manuruli/tabungan.manuruliman-clp.sch.id/app/Controllers/Home.php(20): CodeIgniter\Model->__call()
#3 /home/manuruli/tabungan.manuruliman-clp.sch.id/vendor/codeigniter4/framework/system/CodeIgniter.php(824): App\Controllers\Home->index()
#4 /home/manuruli/tabungan.manuruliman-clp.sch.id/vendor/codeigniter4/framework/system/CodeIgniter.php(410): CodeIgniter\CodeIgniter->runController()
#5 /home/manuruli/tabungan.manuruliman-clp.sch.id/vendor/codeigniter4/framework/system/CodeIgniter.php(318): CodeIgniter\CodeIgniter->handleRequest()
#6 /home/manuruli/public_html/tabungan/index.php(37): CodeIgniter\CodeIgniter->run()
#7 {main}
CRITICAL - 2021-12-31 20:32:24 --> Undefined variable $adminId
#0 /home/manuruli/tabungan.manuruliman-clp.sch.id/app/Views/admin/index.php(19): CodeIgniter\Debug\Exceptions->errorHandler()
#1 /home/manuruli/tabungan.manuruliman-clp.sch.id/vendor/codeigniter4/framework/system/View/View.php(214): include('/home/manuruli/...')
#2 /home/manuruli/tabungan.manuruliman-clp.sch.id/vendor/codeigniter4/framework/system/View/View.php(217): CodeIgniter\View\View->CodeIgniter\View\{closure}()
#3 /home/manuruli/tabungan.manuruliman-clp.sch.id/vendor/codeigniter4/framework/system/Common.php(1097): CodeIgniter\View\View->render()
#4 /home/manuruli/tabungan.manuruliman-clp.sch.id/app/Controllers/Admin.php(25): view()
#5 /home/manuruli/tabungan.manuruliman-clp.sch.id/vendor/codeigniter4/framework/system/CodeIgniter.php(824): App\Controllers\admin->index()
#6 /home/manuruli/tabungan.manuruliman-clp.sch.id/vendor/codeigniter4/framework/system/CodeIgniter.php(410): CodeIgniter\CodeIgniter->runController()
#7 /home/manuruli/tabungan.manuruliman-clp.sch.id/vendor/codeigniter4/framework/system/CodeIgniter.php(318): CodeIgniter\CodeIgniter->handleRequest()
#8 /home/manuruli/public_html/tabungan/index.php(37): CodeIgniter\CodeIgniter->run()
#9 {main}
CRITICAL - 2021-12-31 20:33:01 --> Undefined variable $adminId
#0 /home/manuruli/tabungan.manuruliman-clp.sch.id/app/Views/admin/index.php(19): CodeIgniter\Debug\Exceptions->errorHandler()
#1 /home/manuruli/tabungan.manuruliman-clp.sch.id/vendor/codeigniter4/framework/system/View/View.php(214): include('/home/manuruli/...')
#2 /home/manuruli/tabungan.manuruliman-clp.sch.id/vendor/codeigniter4/framework/system/View/View.php(217): CodeIgniter\View\View->CodeIgniter\View\{closure}()
#3 /home/manuruli/tabungan.manuruliman-clp.sch.id/vendor/codeigniter4/framework/system/Common.php(1097): CodeIgniter\View\View->render()
#4 /home/manuruli/tabungan.manuruliman-clp.sch.id/app/Controllers/Admin.php(25): view()
#5 /home/manuruli/tabungan.manuruliman-clp.sch.id/vendor/codeigniter4/framework/system/CodeIgniter.php(824): App\Controllers\admin->index()
#6 /home/manuruli/tabungan.manuruliman-clp.sch.id/vendor/codeigniter4/framework/system/CodeIgniter.php(410): CodeIgniter\CodeIgniter->runController()
#7 /home/manuruli/tabungan.manuruliman-clp.sch.id/vendor/codeigniter4/framework/system/CodeIgniter.php(318): CodeIgniter\CodeIgniter->handleRequest()
#8 /home/manuruli/public_html/tabungan/index.php(37): CodeIgniter\CodeIgniter->run()
#9 {main}
CRITICAL - 2021-12-31 20:33:04 --> Undefined variable $adminId
#0 /home/manuruli/tabungan.manuruliman-clp.sch.id/app/Views/admin/index.php(19): CodeIgniter\Debug\Exceptions->errorHandler()
#1 /home/manuruli/tabungan.manuruliman-clp.sch.id/vendor/codeigniter4/framework/system/View/View.php(214): include('/home/manuruli/...')
#2 /home/manuruli/tabungan.manuruliman-clp.sch.id/vendor/codeigniter4/framework/system/View/View.php(217): CodeIgniter\View\View->CodeIgniter\View\{closure}()
#3 /home/manuruli/tabungan.manuruliman-clp.sch.id/vendor/codeigniter4/framework/system/Common.php(1097): CodeIgniter\View\View->render()
#4 /home/manuruli/tabungan.manuruliman-clp.sch.id/app/Controllers/Admin.php(25): view()
#5 /home/manuruli/tabungan.manuruliman-clp.sch.id/vendor/codeigniter4/framework/system/CodeIgniter.php(824): App\Controllers\admin->index()
#6 /home/manuruli/tabungan.manuruliman-clp.sch.id/vendor/codeigniter4/framework/system/CodeIgniter.php(410): CodeIgniter\CodeIgniter->runController()
#7 /home/manuruli/tabungan.manuruliman-clp.sch.id/vendor/codeigniter4/framework/system/CodeIgniter.php(318): CodeIgniter\CodeIgniter->handleRequest()
#8 /home/manuruli/public_html/tabungan/index.php(37): CodeIgniter\CodeIgniter->run()
#9 {main}
CRITICAL - 2021-12-31 20:33:13 --> Undefined variable $adminId
#0 /home/manuruli/tabungan.manuruliman-clp.sch.id/app/Views/admin/index.php(19): CodeIgniter\Debug\Exceptions->errorHandler()
#1 /home/manuruli/tabungan.manuruliman-clp.sch.id/vendor/codeigniter4/framework/system/View/View.php(214): include('/home/manuruli/...')
#2 /home/manuruli/tabungan.manuruliman-clp.sch.id/vendor/codeigniter4/framework/system/View/View.php(217): CodeIgniter\View\View->CodeIgniter\View\{closure}()
#3 /home/manuruli/tabungan.manuruliman-clp.sch.id/vendor/codeigniter4/framework/system/Common.php(1097): CodeIgniter\View\View->render()
#4 /home/manuruli/tabungan.manuruliman-clp.sch.id/app/Controllers/Admin.php(25): view()
#5 /home/manuruli/tabungan.manuruliman-clp.sch.id/vendor/codeigniter4/framework/system/CodeIgniter.php(824): App\Controllers\admin->index()
#6 /home/manuruli/tabungan.manuruliman-clp.sch.id/vendor/codeigniter4/framework/system/CodeIgniter.php(410): CodeIgniter\CodeIgniter->runController()
#7 /home/manuruli/tabungan.manuruliman-clp.sch.id/vendor/codeigniter4/framework/system/CodeIgniter.php(318): CodeIgniter\CodeIgniter->handleRequest()
#8 /home/manuruli/public_html/tabungan/index.php(37): CodeIgniter\CodeIgniter->run()
#9 {main}
CRITICAL - 2021-12-31 20:39:50 --> Undefined variable $adminId
#0 /home/manuruli/tabungan.manuruliman-clp.sch.id/app/Views/admin/index.php(19): CodeIgniter\Debug\Exceptions->errorHandler()
#1 /home/manuruli/tabungan.manuruliman-clp.sch.id/vendor/codeigniter4/framework/system/View/View.php(214): include('/home/manuruli/...')
#2 /home/manuruli/tabungan.manuruliman-clp.sch.id/vendor/codeigniter4/framework/system/View/View.php(217): CodeIgniter\View\View->CodeIgniter\View\{closure}()
#3 /home/manuruli/tabungan.manuruliman-clp.sch.id/vendor/codeigniter4/framework/system/Common.php(1097): CodeIgniter\View\View->render()
#4 /home/manuruli/tabungan.manuruliman-clp.sch.id/app/Controllers/Admin.php(25): view()
#5 /home/manuruli/tabungan.manuruliman-clp.sch.id/vendor/codeigniter4/framework/system/CodeIgniter.php(824): App\Controllers\admin->index()
#6 /home/manuruli/tabungan.manuruliman-clp.sch.id/vendor/codeigniter4/framework/system/CodeIgniter.php(410): CodeIgniter\CodeIgniter->runController()
#7 /home/manuruli/tabungan.manuruliman-clp.sch.id/vendor/codeigniter4/framework/system/CodeIgniter.php(318): CodeIgniter\CodeIgniter->handleRequest()
#8 /home/manuruli/public_html/tabungan/index.php(37): CodeIgniter\CodeIgniter->run()
#9 {main}
CRITICAL - 2021-12-31 20:42:06 --> Undefined property: App\Controllers\nasabah::$role
#0 /home/manuruli/tabungan.manuruliman-clp.sch.id/app/Controllers/Nasabah.php(97): CodeIgniter\Debug\Exceptions->errorHandler()
#1 /home/manuruli/tabungan.manuruliman-clp.sch.id/vendor/codeigniter4/framework/system/CodeIgniter.php(824): App\Controllers\nasabah->edit()
#2 /home/manuruli/tabungan.manuruliman-clp.sch.id/vendor/codeigniter4/framework/system/CodeIgniter.php(410): CodeIgniter\CodeIgniter->runController()
#3 /home/manuruli/tabungan.manuruliman-clp.sch.id/vendor/codeigniter4/framework/system/CodeIgniter.php(318): CodeIgniter\CodeIgniter->handleRequest()
#4 /home/manuruli/public_html/tabungan/index.php(37): CodeIgniter\CodeIgniter->run()
#5 {main}
CRITICAL - 2021-12-31 20:42:48 --> Undefined property: App\Controllers\nasabah::$role
#0 /home/manuruli/tabungan.manuruliman-clp.sch.id/app/Controllers/Nasabah.php(97): CodeIgniter\Debug\Exceptions->errorHandler()
#1 /home/manuruli/tabungan.manuruliman-clp.sch.id/vendor/codeigniter4/framework/system/CodeIgniter.php(824): App\Controllers\nasabah->edit()
#2 /home/manuruli/tabungan.manuruliman-clp.sch.id/vendor/codeigniter4/framework/system/CodeIgniter.php(410): CodeIgniter\CodeIgniter->runController()
#3 /home/manuruli/tabungan.manuruliman-clp.sch.id/vendor/codeigniter4/framework/system/CodeIgniter.php(318): CodeIgniter\CodeIgniter->handleRequest()
#4 /home/manuruli/public_html/tabungan/index.php(37): CodeIgniter\CodeIgniter->run()
#5 {main}
CRITICAL - 2021-12-31 20:44:23 --> Invalid file: nasabah/edit.php
#0 /home/manuruli/tabungan.manuruliman-clp.sch.id/vendor/codeigniter4/framework/system/View/View.php(198): CodeIgniter\Exceptions\FrameworkException::forInvalidFile()
#1 /home/manuruli/tabungan.manuruliman-clp.sch.id/vendor/codeigniter4/framework/system/Common.php(1097): CodeIgniter\View\View->render()
#2 /home/manuruli/tabungan.manuruliman-clp.sch.id/app/Controllers/Nasabah.php(89): view()
#3 /home/manuruli/tabungan.manuruliman-clp.sch.id/vendor/codeigniter4/framework/system/CodeIgniter.php(824): App\Controllers\nasabah->edit()
#4 /home/manuruli/tabungan.manuruliman-clp.sch.id/vendor/codeigniter4/framework/system/CodeIgniter.php(410): CodeIgniter\CodeIgniter->runController()
#5 /home/manuruli/tabungan.manuruliman-clp.sch.id/vendor/codeigniter4/framework/system/CodeIgniter.php(318): CodeIgniter\CodeIgniter->handleRequest()
#6 /home/manuruli/public_html/tabungan/index.php(37): CodeIgniter\CodeIgniter->run()
#7 {main}
