CRITICAL - 2022-02-07 07:20:39 --> number_format() expects parameter 1 to be float, string given
#0 [internal function]: CodeIgniter\Debug\Exceptions->errorHandler(2, 'number_format()...', 'C:\\xampp\\htdocs...', 51, Array)
#1 C:\xampp\htdocs\tabungan-santri\app\Views\nasabah\index.php(51): number_format('JmiZh30B1RClp27...', 2, ',', '.')
#2 C:\xampp\htdocs\tabungan-santri\vendor\codeigniter4\framework\system\View\View.php(214): include('C:\\xampp\\htdocs...')
#3 C:\xampp\htdocs\tabungan-santri\vendor\codeigniter4\framework\system\View\View.php(217): CodeIgniter\View\View->CodeIgniter\View\{closure}()
#4 C:\xampp\htdocs\tabungan-santri\vendor\codeigniter4\framework\system\Common.php(1097): CodeIgniter\View\View->render('nasabah/index', Array, true)
#5 C:\xampp\htdocs\tabungan-santri\app\Controllers\Nasabah.php(25): view('nasabah/index', Array)
#6 C:\xampp\htdocs\tabungan-santri\vendor\codeigniter4\framework\system\CodeIgniter.php(824): App\Controllers\nasabah->index()
#7 C:\xampp\htdocs\tabungan-santri\vendor\codeigniter4\framework\system\CodeIgniter.php(410): CodeIgniter\CodeIgniter->runController(Object(App\Controllers\nasabah))
#8 C:\xampp\htdocs\tabungan-santri\vendor\codeigniter4\framework\system\CodeIgniter.php(318): CodeIgniter\CodeIgniter->handleRequest(NULL, Object(Config\Cache), false)
#9 C:\xampp\htdocs\tabungan-santri\public\index.php(37): CodeIgniter\CodeIgniter->run()
#10 C:\xampp\htdocs\tabungan-santri\vendor\codeigniter4\framework\system\Commands\Server\rewrite.php(43): require_once('C:\\xampp\\htdocs...')
#11 {main}
CRITICAL - 2022-02-07 07:27:48 --> Undefined index: password
#0 C:\xampp\htdocs\tabungan-santri\app\Views\nasabah\index.php(63): CodeIgniter\Debug\Exceptions->errorHandler(8, 'Undefined index...', 'C:\\xampp\\htdocs...', 63, Array)
#1 C:\xampp\htdocs\tabungan-santri\vendor\codeigniter4\framework\system\View\View.php(214): include('C:\\xampp\\htdocs...')
#2 C:\xampp\htdocs\tabungan-santri\vendor\codeigniter4\framework\system\View\View.php(217): CodeIgniter\View\View->CodeIgniter\View\{closure}()
#3 C:\xampp\htdocs\tabungan-santri\vendor\codeigniter4\framework\system\Common.php(1097): CodeIgniter\View\View->render('nasabah/index', Array, true)
#4 C:\xampp\htdocs\tabungan-santri\app\Controllers\Nasabah.php(25): view('nasabah/index', Array)
#5 C:\xampp\htdocs\tabungan-santri\vendor\codeigniter4\framework\system\CodeIgniter.php(824): App\Controllers\nasabah->index()
#6 C:\xampp\htdocs\tabungan-santri\vendor\codeigniter4\framework\system\CodeIgniter.php(410): CodeIgniter\CodeIgniter->runController(Object(App\Controllers\nasabah))
#7 C:\xampp\htdocs\tabungan-santri\vendor\codeigniter4\framework\system\CodeIgniter.php(318): CodeIgniter\CodeIgniter->handleRequest(NULL, Object(Config\Cache), false)
#8 C:\xampp\htdocs\tabungan-santri\public\index.php(37): CodeIgniter\CodeIgniter->run()
#9 C:\xampp\htdocs\tabungan-santri\vendor\codeigniter4\framework\system\Commands\Server\rewrite.php(43): require_once('C:\\xampp\\htdocs...')
#10 {main}
CRITICAL - 2022-02-07 07:58:36 --> number_format() expects parameter 1 to be float, string given
#0 [internal function]: CodeIgniter\Debug\Exceptions->errorHandler(2, 'number_format()...', 'C:\\xampp\\htdocs...', 52, Array)
#1 C:\xampp\htdocs\tabungan-santri\app\Views\penyetoran\index.php(52): number_format('k+/5YGjzACFqkdF...', 2, ',', '.')
#2 C:\xampp\htdocs\tabungan-santri\vendor\codeigniter4\framework\system\View\View.php(214): include('C:\\xampp\\htdocs...')
#3 C:\xampp\htdocs\tabungan-santri\vendor\codeigniter4\framework\system\View\View.php(217): CodeIgniter\View\View->CodeIgniter\View\{closure}()
#4 C:\xampp\htdocs\tabungan-santri\vendor\codeigniter4\framework\system\Common.php(1097): CodeIgniter\View\View->render('penyetoran/inde...', Array, true)
#5 C:\xampp\htdocs\tabungan-santri\app\Controllers\Penyetoran.php(24): view('penyetoran/inde...', Array)
#6 C:\xampp\htdocs\tabungan-santri\vendor\codeigniter4\framework\system\CodeIgniter.php(824): App\Controllers\penyetoran->index()
#7 C:\xampp\htdocs\tabungan-santri\vendor\codeigniter4\framework\system\CodeIgniter.php(410): CodeIgniter\CodeIgniter->runController(Object(App\Controllers\penyetoran))
#8 C:\xampp\htdocs\tabungan-santri\vendor\codeigniter4\framework\system\CodeIgniter.php(318): CodeIgniter\CodeIgniter->handleRequest(NULL, Object(Config\Cache), false)
#9 C:\xampp\htdocs\tabungan-santri\public\index.php(37): CodeIgniter\CodeIgniter->run()
#10 C:\xampp\htdocs\tabungan-santri\vendor\codeigniter4\framework\system\Commands\Server\rewrite.php(43): require_once('C:\\xampp\\htdocs...')
#11 {main}
CRITICAL - 2022-02-07 07:58:52 --> number_format() expects parameter 1 to be float, string given
#0 [internal function]: CodeIgniter\Debug\Exceptions->errorHandler(2, 'number_format()...', 'C:\\xampp\\htdocs...', 52, Array)
#1 C:\xampp\htdocs\tabungan-santri\app\Views\penyetoran\index.php(52): number_format('k+/5YGjzACFqkdF...', 2, ',', '.')
#2 C:\xampp\htdocs\tabungan-santri\vendor\codeigniter4\framework\system\View\View.php(214): include('C:\\xampp\\htdocs...')
#3 C:\xampp\htdocs\tabungan-santri\vendor\codeigniter4\framework\system\View\View.php(217): CodeIgniter\View\View->CodeIgniter\View\{closure}()
#4 C:\xampp\htdocs\tabungan-santri\vendor\codeigniter4\framework\system\Common.php(1097): CodeIgniter\View\View->render('penyetoran/inde...', Array, true)
#5 C:\xampp\htdocs\tabungan-santri\app\Controllers\Penyetoran.php(24): view('penyetoran/inde...', Array)
#6 C:\xampp\htdocs\tabungan-santri\vendor\codeigniter4\framework\system\CodeIgniter.php(824): App\Controllers\penyetoran->index()
#7 C:\xampp\htdocs\tabungan-santri\vendor\codeigniter4\framework\system\CodeIgniter.php(410): CodeIgniter\CodeIgniter->runController(Object(App\Controllers\penyetoran))
#8 C:\xampp\htdocs\tabungan-santri\vendor\codeigniter4\framework\system\CodeIgniter.php(318): CodeIgniter\CodeIgniter->handleRequest(NULL, Object(Config\Cache), false)
#9 C:\xampp\htdocs\tabungan-santri\public\index.php(37): CodeIgniter\CodeIgniter->run()
#10 C:\xampp\htdocs\tabungan-santri\vendor\codeigniter4\framework\system\Commands\Server\rewrite.php(43): require_once('C:\\xampp\\htdocs...')
#11 {main}
CRITICAL - 2022-02-07 08:00:47 --> Undefined index: saldo
#0 C:\xampp\htdocs\tabungan-santri\app\Views\penyetoran\index.php(62): CodeIgniter\Debug\Exceptions->errorHandler(8, 'Undefined index...', 'C:\\xampp\\htdocs...', 62, Array)
#1 C:\xampp\htdocs\tabungan-santri\vendor\codeigniter4\framework\system\View\View.php(214): include('C:\\xampp\\htdocs...')
#2 C:\xampp\htdocs\tabungan-santri\vendor\codeigniter4\framework\system\View\View.php(217): CodeIgniter\View\View->CodeIgniter\View\{closure}()
#3 C:\xampp\htdocs\tabungan-santri\vendor\codeigniter4\framework\system\Common.php(1097): CodeIgniter\View\View->render('penyetoran/inde...', Array, true)
#4 C:\xampp\htdocs\tabungan-santri\app\Controllers\Penyetoran.php(24): view('penyetoran/inde...', Array)
#5 C:\xampp\htdocs\tabungan-santri\vendor\codeigniter4\framework\system\CodeIgniter.php(824): App\Controllers\penyetoran->index()
#6 C:\xampp\htdocs\tabungan-santri\vendor\codeigniter4\framework\system\CodeIgniter.php(410): CodeIgniter\CodeIgniter->runController(Object(App\Controllers\penyetoran))
#7 C:\xampp\htdocs\tabungan-santri\vendor\codeigniter4\framework\system\CodeIgniter.php(318): CodeIgniter\CodeIgniter->handleRequest(NULL, Object(Config\Cache), false)
#8 C:\xampp\htdocs\tabungan-santri\public\index.php(37): CodeIgniter\CodeIgniter->run()
#9 C:\xampp\htdocs\tabungan-santri\vendor\codeigniter4\framework\system\Commands\Server\rewrite.php(43): require_once('C:\\xampp\\htdocs...')
#10 {main}
CRITICAL - 2022-02-07 08:12:55 --> Call to undefined method CodeIgniter\Database\MySQLi\Result::result()
#0 C:\xampp\htdocs\tabungan-santri\vendor\codeigniter4\framework\system\CodeIgniter.php(824): App\Controllers\penyetoran->simpan()
#1 C:\xampp\htdocs\tabungan-santri\vendor\codeigniter4\framework\system\CodeIgniter.php(410): CodeIgniter\CodeIgniter->runController(Object(App\Controllers\penyetoran))
#2 C:\xampp\htdocs\tabungan-santri\vendor\codeigniter4\framework\system\CodeIgniter.php(318): CodeIgniter\CodeIgniter->handleRequest(NULL, Object(Config\Cache), false)
#3 C:\xampp\htdocs\tabungan-santri\public\index.php(37): CodeIgniter\CodeIgniter->run()
#4 C:\xampp\htdocs\tabungan-santri\vendor\codeigniter4\framework\system\Commands\Server\rewrite.php(43): require_once('C:\\xampp\\htdocs...')
#5 {main}
CRITICAL - 2022-02-07 08:13:04 --> Call to undefined method CodeIgniter\Database\MySQLi\Result::result()
#0 C:\xampp\htdocs\tabungan-santri\vendor\codeigniter4\framework\system\CodeIgniter.php(824): App\Controllers\penyetoran->simpan()
#1 C:\xampp\htdocs\tabungan-santri\vendor\codeigniter4\framework\system\CodeIgniter.php(410): CodeIgniter\CodeIgniter->runController(Object(App\Controllers\penyetoran))
#2 C:\xampp\htdocs\tabungan-santri\vendor\codeigniter4\framework\system\CodeIgniter.php(318): CodeIgniter\CodeIgniter->handleRequest(NULL, Object(Config\Cache), false)
#3 C:\xampp\htdocs\tabungan-santri\public\index.php(37): CodeIgniter\CodeIgniter->run()
#4 C:\xampp\htdocs\tabungan-santri\vendor\codeigniter4\framework\system\Commands\Server\rewrite.php(43): require_once('C:\\xampp\\htdocs...')
#5 {main}
CRITICAL - 2022-02-07 08:21:12 --> Call to undefined method App\Models\m_penyetoran::edit
#0 C:\xampp\htdocs\tabungan-santri\app\Controllers\Penyetoran.php(79): CodeIgniter\Model->__call('edit', Array)
#1 C:\xampp\htdocs\tabungan-santri\vendor\codeigniter4\framework\system\CodeIgniter.php(824): App\Controllers\penyetoran->simpan()
#2 C:\xampp\htdocs\tabungan-santri\vendor\codeigniter4\framework\system\CodeIgniter.php(410): CodeIgniter\CodeIgniter->runController(Object(App\Controllers\penyetoran))
#3 C:\xampp\htdocs\tabungan-santri\vendor\codeigniter4\framework\system\CodeIgniter.php(318): CodeIgniter\CodeIgniter->handleRequest(NULL, Object(Config\Cache), false)
#4 C:\xampp\htdocs\tabungan-santri\public\index.php(37): CodeIgniter\CodeIgniter->run()
#5 C:\xampp\htdocs\tabungan-santri\vendor\codeigniter4\framework\system\Commands\Server\rewrite.php(43): require_once('C:\\xampp\\htdocs...')
#6 {main}
CRITICAL - 2022-02-07 19:19:29 --> A non-numeric value encountered
#0 C:\xampp\htdocs\tabungan-santri\app\Controllers\Penyetoran.php(55): CodeIgniter\Debug\Exceptions->errorHandler(2, 'A non-numeric v...', 'C:\\xampp\\htdocs...', 55, Array)
#1 C:\xampp\htdocs\tabungan-santri\vendor\codeigniter4\framework\system\CodeIgniter.php(824): App\Controllers\penyetoran->simpan()
#2 C:\xampp\htdocs\tabungan-santri\vendor\codeigniter4\framework\system\CodeIgniter.php(410): CodeIgniter\CodeIgniter->runController(Object(App\Controllers\penyetoran))
#3 C:\xampp\htdocs\tabungan-santri\vendor\codeigniter4\framework\system\CodeIgniter.php(318): CodeIgniter\CodeIgniter->handleRequest(NULL, Object(Config\Cache), false)
#4 C:\xampp\htdocs\tabungan-santri\public\index.php(37): CodeIgniter\CodeIgniter->run()
#5 C:\xampp\htdocs\tabungan-santri\vendor\codeigniter4\framework\system\Commands\Server\rewrite.php(43): require_once('C:\\xampp\\htdocs...')
#6 {main}
